#
# There is insufficient memory for the Java Runtime Environment to continue.
# Native memory allocation (mmap) failed to map 120061952 bytes for committing reserved memory.
# Possible reasons:
#   The system is out of physical RAM or swap space
#   In 32 bit mode, the process size limit was hit
# Possible solutions:
#   Reduce memory load on the system
#   Increase physical memory or swap space
#   Check if swap backing store is full
#   Use 64 bit Java on a 64 bit OS
#   Decrease Java heap size (-Xmx/-Xms)
#   Decrease number of Java threads
#   Decrease Java thread stack sizes (-Xss)
#   Set larger code cache with -XX:ReservedCodeCacheSize=
# This output file may be truncated or incomplete.
#
#  Out of Memory Error (os_linux.cpp:2640), pid=25352, tid=0x00007f12c0550700
#
# JRE version: Java(TM) SE Runtime Environment (8.0_144-b01) (build 1.8.0_144-b01)
# Java VM: Java HotSpot(TM) 64-Bit Server VM (25.144-b01 mixed mode linux-amd64 compressed oops)
# Failed to write core dump. Core dumps have been disabled. To enable core dumping, try "ulimit -c unlimited" before starting Java again
#

---------------  T H R E A D  ---------------

Current thread (0x00007f12d0086000):  VMThread [stack: 0x00007f12c0450000,0x00007f12c0551000] [id=25359]

Stack: [0x00007f12c0450000,0x00007f12c0551000],  sp=0x00007f12c054f120,  free space=1020k
Native frames: (J=compiled Java code, j=interpreted, Vv=VM code, C=native code)
V  [libjvm.so+0xacb18a]  VMError::report_and_die()+0x2ba
V  [libjvm.so+0x4ff4db]  report_vm_out_of_memory(char const*, int, unsigned long, VMErrorType, char const*)+0x8b
V  [libjvm.so+0x927d23]  os::Linux::commit_memory_impl(char*, unsigned long, bool)+0x103
V  [libjvm.so+0x928279]  os::pd_commit_memory(char*, unsigned long, unsigned long, bool)+0x29
V  [libjvm.so+0x92249a]  os::commit_memory(char*, unsigned long, unsigned long, bool)+0x2a
V  [libjvm.so+0x996ff3]  PSVirtualSpace::expand_by(unsigned long)+0x53
V  [libjvm.so+0x9983f8]  PSYoungGen::resize_generation(unsigned long, unsigned long)+0xf8
V  [libjvm.so+0x997552]  PSYoungGen::resize(unsigned long, unsigned long)+0x22
V  [libjvm.so+0x99482b]  PSScavenge::invoke_no_policy()+0xf3b
V  [libjvm.so+0x994fb1]  PSScavenge::invoke()+0x41
V  [libjvm.so+0x94bce0]  ParallelScavengeHeap::failed_mem_allocate(unsigned long)+0x70
V  [libjvm.so+0xaccba7]  VM_ParallelGCFailedAllocation::doit()+0x97
V  [libjvm.so+0xad4685]  VM_Operation::evaluate()+0x55
V  [libjvm.so+0xad2a5a]  VMThread::evaluate_operation(VM_Operation*)+0xba
V  [libjvm.so+0xad2dde]  VMThread::loop()+0x1ce
V  [libjvm.so+0xad3250]  VMThread::run()+0x70
V  [libjvm.so+0x92a338]  java_start(Thread*)+0x108

VM_Operation (0x00007f12d9deced0): ParallelGCFailedAllocation, mode: safepoint, requested by thread 0x00007f12d0018000


---------------  P R O C E S S  ---------------

Java Threads: ( => current thread )
  0x00007f12d1d0b800 JavaThread "spring.cloud.inetutils" daemon [_thread_blocked, id=25398, stack(0x00007f12b36fd000,0x00007f12b37fe000)]
  0x00007f12d21d1800 JavaThread "Abandoned connection cleanup thread" daemon [_thread_blocked, id=25397, stack(0x00007f12b39fe000,0x00007f12b3aff000)]
  0x00007f12d210a000 JavaThread "XNIO-1 Accept" daemon [_thread_in_native, id=25396, stack(0x00007f12b3cff000,0x00007f12b3e00000)]
  0x00007f12d20d4800 JavaThread "XNIO-1 I/O-1" daemon [_thread_in_native, id=25395, stack(0x00007f12b80e4000,0x00007f12b81e5000)]
  0x00007f12d1fce800 JavaThread "usercache.data" [_thread_blocked, id=25392, stack(0x00007f12b81e5000,0x00007f12b82e6000)]
  0x00007f12d1fcc800 JavaThread "menucache.data" [_thread_blocked, id=25391, stack(0x00007f12b82e6000,0x00007f12b83e7000)]
  0x00007f12d1fbe000 JavaThread "Statistics Thread-defaultCache-1" daemon [_thread_blocked, id=25390, stack(0x00007f12b83e7000,0x00007f12b84e8000)]
  0x00007f12d1f9e800 JavaThread "tokencache.data" [_thread_blocked, id=25389, stack(0x00007f12b86e8000,0x00007f12b87e9000)]
  0x00007f12d1f97000 JavaThread "defaultCache" daemon [_thread_blocked, id=25388, stack(0x00007f12baa37000,0x00007f12bab38000)]
  0x00007f12d00e4000 JavaThread "Service Thread" daemon [_thread_blocked, id=25371, stack(0x00007f12bb7f6000,0x00007f12bb8f7000)]
  0x00007f12d00e0800 JavaThread "C1 CompilerThread2" daemon [_thread_blocked, id=25370, stack(0x00007f12bb8f7000,0x00007f12bb9f8000)]
  0x00007f12d00df000 JavaThread "C2 CompilerThread1" daemon [_thread_in_native, id=25369, stack(0x00007f12bb9f8000,0x00007f12bbaf9000)]
  0x00007f12d00dc000 JavaThread "C2 CompilerThread0" daemon [_thread_in_native, id=25368, stack(0x00007f12bbaf9000,0x00007f12bbbfa000)]
  0x00007f1288001000 JavaThread "JDWP Command Reader" daemon [_thread_in_native, id=25367, stack(0x00007f12bbbfa000,0x00007f12bbcfb000)]
  0x00007f12d00d9800 JavaThread "JDWP Event Helper Thread" daemon [_thread_blocked, id=25365, stack(0x00007f12bbcfb000,0x00007f12bbdfc000)]
  0x00007f12d00d6000 JavaThread "JDWP Transport Listener: dt_socket" daemon [_thread_blocked, id=25364, stack(0x00007f12c004c000,0x00007f12c014d000)]
  0x00007f12d00c4000 JavaThread "Signal Dispatcher" daemon [_thread_blocked, id=25362, stack(0x00007f12c014d000,0x00007f12c024e000)]
  0x00007f12d0092000 JavaThread "Finalizer" daemon [_thread_blocked, id=25361, stack(0x00007f12c024e000,0x00007f12c034f000)]
  0x00007f12d008d800 JavaThread "Reference Handler" daemon [_thread_blocked, id=25360, stack(0x00007f12c034f000,0x00007f12c0450000)]
  0x00007f12d0018000 JavaThread "main" [_thread_blocked, id=25354, stack(0x00007f12d9cf0000,0x00007f12d9df1000)]

Other Threads:
=>0x00007f12d0086000 VMThread [stack: 0x00007f12c0450000,0x00007f12c0551000] [id=25359]
  0x00007f12d00e9800 WatcherThread [stack: 0x00007f12bb6f5000,0x00007f12bb7f6000] [id=25372]

VM state:at safepoint (normal execution)

VM Mutex/Monitor currently owned by a thread:  ([mutex/lock_event])
[0x00007f12d0014460] Threads_lock - owner thread: 0x00007f12d0086000
[0x00007f12d0014960] Heap_lock - owner thread: 0x00007f12d0018000

Heap:
 PSYoungGen      total 785920K, used 29464K [0x0000000781d00000, 0x00000007b6c00000, 0x00000007c0000000)
  eden space 747520K, 0% used [0x0000000781d00000,0x0000000781d00000,0x00000007af700000)
  from space 38400K, 76% used [0x00000007af700000,0x00000007b13c6330,0x00000007b1c80000)
  to   space 28160K, 0% used [0x00000007b1c80000,0x00000007b1c80000,0x00000007b3800000)
 ParOldGen       total 119296K, used 63639K [0x0000000705600000, 0x000000070ca80000, 0x0000000781d00000)
  object space 119296K, 53% used [0x0000000705600000,0x0000000709425c78,0x000000070ca80000)
 Metaspace       used 51149K, capacity 51794K, committed 52264K, reserved 1095680K
  class space    used 6503K, capacity 6640K, committed 6696K, reserved 1048576K

Card table byte_map: [0x00007f12d5d68000,0x00007f12d633e000] byte_map_base: 0x00007f12d253d000

Marking Bits: (ParMarkBitMap*) 0x00007f12d91f0dc0
 Begin Bits: [0x00007f129e2b0000, 0x00007f12a1158000)
 End Bits:   [0x00007f12a1158000, 0x00007f12a4000000)

Polling page: 0x00007f12d9e11000

CodeCache: size=245760Kb used=22756Kb max_used=22756Kb free=223003Kb
 bounds [0x00007f12c1000000, 0x00007f12c2660000, 0x00007f12d0000000]
 total_blobs=6099 nmethods=5638 adapters=382
 compilation: enabled

Compilation events (10 events):
Event: 16.471 Thread 0x00007f12d00e0800 6679   !   2       org.springframework.core.annotation.AnnotationUtils::getAnnotation (78 bytes)
Event: 16.472 Thread 0x00007f12d00e0800 nmethod 6679 0x00007f12c263f2d0 code [0x00007f12c263f4c0, 0x00007f12c263f958]
Event: 16.528 Thread 0x00007f12d00e0800 6681       3       org.springframework.core.annotation.AnnotationUtils::getAttributeAliasNames (26 bytes)
Event: 16.529 Thread 0x00007f12d00e0800 nmethod 6681 0x00007f12c263eb50 code [0x00007f12c263ed00, 0x00007f12c263f0c8]
Event: 16.533 Thread 0x00007f12d00e0800 6682       3       org.springframework.core.convert.TypeDescriptor::hashCode (8 bytes)
Event: 16.534 Thread 0x00007f12d00e0800 nmethod 6682 0x00007f12c263e650 code [0x00007f12c263e7c0, 0x00007f12c263ea68]
Event: 16.534 Thread 0x00007f12d00e0800 6683       3       java.util.ArrayList::add (54 bytes)
Event: 16.534 Thread 0x00007f12d00e0800 nmethod 6683 0x00007f12c263d8d0 code [0x00007f12c263dac0, 0x00007f12c263e298]
Event: 16.547 Thread 0x00007f12d00e0800 6684       3       java.util.concurrent.ConcurrentHashMap::<init> (5 bytes)
Event: 16.547 Thread 0x00007f12d00e0800 nmethod 6684 0x00007f12c263d450 code [0x00007f12c263d5c0, 0x00007f12c263d7d0]

GC Heap History (10 events):
Event: 9.279 GC heap after
Heap after GC invocations=14 (full 2):
 PSYoungGen      total 489472K, used 13150K [0x0000000781d00000, 0x00000007a2d80000, 0x00000007c0000000)
  eden space 468992K, 0% used [0x0000000781d00000,0x0000000781d00000,0x000000079e700000)
  from space 20480K, 64% used [0x000000079fb00000,0x00000007a07d7b90,0x00000007a0f00000)
  to   space 20480K, 0% used [0x000000079e700000,0x000000079e700000,0x000000079fb00000)
 ParOldGen       total 119296K, used 29861K [0x0000000705600000, 0x000000070ca80000, 0x0000000781d00000)
  object space 119296K, 25% used [0x0000000705600000,0x0000000707329588,0x000000070ca80000)
 Metaspace       used 41898K, capacity 42364K, committed 42792K, reserved 1087488K
  class space    used 5301K, capacity 5405K, committed 5416K, reserved 1048576K
}
Event: 10.827 GC heap before
{Heap before GC invocations=15 (full 2):
 PSYoungGen      total 489472K, used 482142K [0x0000000781d00000, 0x00000007a2d80000, 0x00000007c0000000)
  eden space 468992K, 100% used [0x0000000781d00000,0x000000079e700000,0x000000079e700000)
  from space 20480K, 64% used [0x000000079fb00000,0x00000007a07d7b90,0x00000007a0f00000)
  to   space 20480K, 0% used [0x000000079e700000,0x000000079e700000,0x000000079fb00000)
 ParOldGen       total 119296K, used 29861K [0x0000000705600000, 0x000000070ca80000, 0x0000000781d00000)
  object space 119296K, 25% used [0x0000000705600000,0x0000000707329588,0x000000070ca80000)
 Metaspace       used 46186K, capacity 46720K, committed 47272K, reserved 1091584K
  class space    used 5851K, capacity 5965K, committed 6056K, reserved 1048576K
Event: 10.848 GC heap after
Heap after GC invocations=15 (full 2):
 PSYoungGen      total 489472K, used 20468K [0x0000000781d00000, 0x00000007a9c00000, 0x00000007c0000000)
  eden space 468992K, 0% used [0x0000000781d00000,0x0000000781d00000,0x000000079e700000)
  from space 20480K, 99% used [0x000000079e700000,0x000000079fafd0c0,0x000000079fb00000)
  to   space 26112K, 0% used [0x00000007a8280000,0x00000007a8280000,0x00000007a9c00000)
 ParOldGen       total 119296K, used 37162K [0x0000000705600000, 0x000000070ca80000, 0x0000000781d00000)
  object space 119296K, 31% used [0x0000000705600000,0x0000000707a4ab48,0x000000070ca80000)
 Metaspace       used 46186K, capacity 46720K, committed 47272K, reserved 1091584K
  class space    used 5851K, capacity 5965K, committed 6056K, reserved 1048576K
}
Event: 11.903 GC heap before
{Heap before GC invocations=16 (full 2):
 PSYoungGen      total 489472K, used 489460K [0x0000000781d00000, 0x00000007a9c00000, 0x00000007c0000000)
  eden space 468992K, 100% used [0x0000000781d00000,0x000000079e700000,0x000000079e700000)
  from space 20480K, 99% used [0x000000079e700000,0x000000079fafd0c0,0x000000079fb00000)
  to   space 26112K, 0% used [0x00000007a8280000,0x00000007a8280000,0x00000007a9c00000)
 ParOldGen       total 119296K, used 37162K [0x0000000705600000, 0x000000070ca80000, 0x0000000781d00000)
  object space 119296K, 31% used [0x0000000705600000,0x0000000707a4ab48,0x000000070ca80000)
 Metaspace       used 47536K, capacity 48024K, committed 48424K, reserved 1091584K
  class space    used 6046K, capacity 6161K, committed 6184K, reserved 1048576K
Event: 11.918 GC heap after
Heap after GC invocations=16 (full 2):
 PSYoungGen      total 616960K, used 12274K [0x0000000781d00000, 0x00000007a9500000, 0x00000007c0000000)
  eden space 598016K, 0% used [0x0000000781d00000,0x0000000781d00000,0x00000007a6500000)
  from space 18944K, 64% used [0x00000007a8280000,0x00000007a8e7cad8,0x00000007a9500000)
  to   space 24576K, 0% used [0x00000007a6500000,0x00000007a6500000,0x00000007a7d00000)
 ParOldGen       total 119296K, used 41458K [0x0000000705600000, 0x000000070ca80000, 0x0000000781d00000)
  object space 119296K, 34% used [0x0000000705600000,0x0000000707e7cba8,0x000000070ca80000)
 Metaspace       used 47536K, capacity 48024K, committed 48424K, reserved 1091584K
  class space    used 6046K, capacity 6161K, committed 6184K, reserved 1048576K
}
Event: 13.397 GC heap before
{Heap before GC invocations=17 (full 2):
 PSYoungGen      total 616960K, used 610290K [0x0000000781d00000, 0x00000007a9500000, 0x00000007c0000000)
  eden space 598016K, 100% used [0x0000000781d00000,0x00000007a6500000,0x00000007a6500000)
  from space 18944K, 64% used [0x00000007a8280000,0x00000007a8e7cad8,0x00000007a9500000)
  to   space 24576K, 0% used [0x00000007a6500000,0x00000007a6500000,0x00000007a7d00000)
 ParOldGen       total 119296K, used 41458K [0x0000000705600000, 0x000000070ca80000, 0x0000000781d00000)
  object space 119296K, 34% used [0x0000000705600000,0x0000000707e7cba8,0x000000070ca80000)
 Metaspace       used 48624K, capacity 49190K, committed 49576K, reserved 1093632K
  class space    used 6174K, capacity 6302K, committed 6312K, reserved 1048576K
Event: 13.417 GC heap after
Heap after GC invocations=17 (full 2):
 PSYoungGen      total 622592K, used 24088K [0x0000000781d00000, 0x00000007b3800000, 0x00000007c0000000)
  eden space 598016K, 0% used [0x0000000781d00000,0x0000000781d00000,0x00000007a6500000)
  from space 24576K, 98% used [0x00000007a6500000,0x00000007a7c86220,0x00000007a7d00000)
  to   space 28160K, 0% used [0x00000007b1c80000,0x00000007b1c80000,0x00000007b3800000)
 ParOldGen       total 119296K, used 41466K [0x0000000705600000, 0x000000070ca80000, 0x0000000781d00000)
  object space 119296K, 34% used [0x0000000705600000,0x0000000707e7eba8,0x000000070ca80000)
 Metaspace       used 48624K, capacity 49190K, committed 49576K, reserved 1093632K
  class space    used 6174K, capacity 6302K, committed 6312K, reserved 1048576K
}
Event: 14.632 GC heap before
{Heap before GC invocations=18 (full 2):
 PSYoungGen      total 622592K, used 622104K [0x0000000781d00000, 0x00000007b3800000, 0x00000007c0000000)
  eden space 598016K, 100% used [0x0000000781d00000,0x00000007a6500000,0x00000007a6500000)
  from space 24576K, 98% used [0x00000007a6500000,0x00000007a7c86220,0x00000007a7d00000)
  to   space 28160K, 0% used [0x00000007b1c80000,0x00000007b1c80000,0x00000007b3800000)
 ParOldGen       total 119296K, used 41466K [0x0000000705600000, 0x000000070ca80000, 0x0000000781d00000)
  object space 119296K, 34% used [0x0000000705600000,0x0000000707e7eba8,0x000000070ca80000)
 Metaspace       used 50094K, capacity 50680K, committed 51112K, reserved 1093632K
  class space    used 6388K, capacity 6497K, committed 6568K, reserved 1048576K
Event: 14.688 GC heap after
Heap after GC invocations=18 (full 2):
 PSYoungGen      total 775680K, used 28143K [0x0000000781d00000, 0x00000007b6c00000, 0x00000007c0000000)
  eden space 747520K, 0% used [0x0000000781d00000,0x0000000781d00000,0x00000007af700000)
  from space 28160K, 99% used [0x00000007b1c80000,0x00000007b37fbd20,0x00000007b3800000)
  to   space 38400K, 0% used [0x00000007af700000,0x00000007af700000,0x00000007b1c80000)
 ParOldGen       total 119296K, used 57979K [0x0000000705600000, 0x000000070ca80000, 0x0000000781d00000)
  object space 119296K, 48% used [0x0000000705600000,0x0000000708e9ed98,0x000000070ca80000)
 Metaspace       used 50094K, capacity 50680K, committed 51112K, reserved 1093632K
  class space    used 6388K, capacity 6497K, committed 6568K, reserved 1048576K
}
Event: 16.567 GC heap before
{Heap before GC invocations=19 (full 2):
 PSYoungGen      total 775680K, used 775663K [0x0000000781d00000, 0x00000007b6c00000, 0x00000007c0000000)
  eden space 747520K, 100% used [0x0000000781d00000,0x00000007af700000,0x00000007af700000)
  from space 28160K, 99% used [0x00000007b1c80000,0x00000007b37fbd20,0x00000007b3800000)
  to   space 38400K, 0% used [0x00000007af700000,0x00000007af700000,0x00000007b1c80000)
 ParOldGen       total 119296K, used 57979K [0x0000000705600000, 0x000000070ca80000, 0x0000000781d00000)
  object space 119296K, 48% used [0x0000000705600000,0x0000000708e9ed98,0x000000070ca80000)
 Metaspace       used 51149K, capacity 51794K, committed 52264K, reserved 1095680K
  class space    used 6503K, capacity 6640K, committed 6696K, reserved 1048576K

Deoptimization events (10 events):
Event: 15.402 Thread 0x00007f12d0018000 Uncommon trap: reason=unstable_if action=reinterpret pc=0x00007f12c24ffba8 method=org.springframework.core.annotation.AnnotationUtils.findAnnotation(Ljava/lang/reflect/Method;Ljava/lang/Class;)Ljava/lang/annotation/Annotation; @ 136
Event: 15.605 Thread 0x00007f12d0018000 Uncommon trap: reason=bimorphic action=maybe_recompile pc=0x00007f12c238964c method=org.springframework.core.annotation.AnnotatedElementUtils.searchWithFindSemantics(Ljava/lang/reflect/AnnotatedElement;Ljava/lang/Class;Ljava/lang/String;Ljava/lang/Class;L
Event: 15.606 Thread 0x00007f12d0018000 Uncommon trap: reason=bimorphic action=maybe_recompile pc=0x00007f12c238964c method=org.springframework.core.annotation.AnnotatedElementUtils.searchWithFindSemantics(Ljava/lang/reflect/AnnotatedElement;Ljava/lang/Class;Ljava/lang/String;Ljava/lang/Class;L
Event: 15.608 Thread 0x00007f12d0018000 Uncommon trap: reason=bimorphic action=maybe_recompile pc=0x00007f12c238964c method=org.springframework.core.annotation.AnnotatedElementUtils.searchWithFindSemantics(Ljava/lang/reflect/AnnotatedElement;Ljava/lang/Class;Ljava/lang/String;Ljava/lang/Class;L
Event: 15.608 Thread 0x00007f12d0018000 Uncommon trap: reason=bimorphic action=maybe_recompile pc=0x00007f12c238964c method=org.springframework.core.annotation.AnnotatedElementUtils.searchWithFindSemantics(Ljava/lang/reflect/AnnotatedElement;Ljava/lang/Class;Ljava/lang/String;Ljava/lang/Class;L
Event: 16.051 Thread 0x00007f12d0018000 Uncommon trap: reason=unstable_if action=reinterpret pc=0x00007f12c25f66dc method=org.aspectj.weaver.World$TypeMap.put(Ljava/lang/String;Lorg/aspectj/weaver/ResolvedType;)Lorg/aspectj/weaver/ResolvedType; @ 237
Event: 16.302 Thread 0x00007f12d0018000 Uncommon trap: reason=bimorphic action=maybe_recompile pc=0x00007f12c25763d4 method=org.springframework.core.annotation.AnnotationUtils.getAnnotation(Ljava/lang/reflect/AnnotatedElement;Ljava/lang/Class;)Ljava/lang/annotation/Annotation; @ 2
Event: 16.448 Thread 0x00007f12d0018000 Uncommon trap: reason=bimorphic action=maybe_recompile pc=0x00007f12c25763d4 method=org.springframework.core.annotation.AnnotationUtils.getAnnotation(Ljava/lang/reflect/AnnotatedElement;Ljava/lang/Class;)Ljava/lang/annotation/Annotation; @ 2
Event: 16.448 Thread 0x00007f12d0018000 Uncommon trap: reason=bimorphic action=maybe_recompile pc=0x00007f12c25763d4 method=org.springframework.core.annotation.AnnotationUtils.getAnnotation(Ljava/lang/reflect/AnnotatedElement;Ljava/lang/Class;)Ljava/lang/annotation/Annotation; @ 2
Event: 16.448 Thread 0x00007f12d0018000 Uncommon trap: reason=bimorphic action=maybe_recompile pc=0x00007f12c25763d4 method=org.springframework.core.annotation.AnnotationUtils.getAnnotation(Ljava/lang/reflect/AnnotatedElement;Ljava/lang/Class;)Ljava/lang/annotation/Annotation; @ 2

Internal exceptions (10 events):
Event: 16.446 Thread 0x00007f12d0018000 Exception <a 'java/lang/ClassNotFoundException': org/springframework/context/annotation/ConfigurationClassEnhancer$EnhancedConfigurationCustomizer> (0x00000007ade04208) thrown at [/HUDSON3/workspace/8-2-build-linux-amd64/jdk8u144/9417/hotspot/src/share/vm
Event: 16.447 Thread 0x00007f12d0018000 Exception <a 'java/lang/ClassNotFoundException': org/springframework/context/ApplicationEventPublisherAwareCustomizer> (0x00000007ade46458) thrown at [/HUDSON3/workspace/8-2-build-linux-amd64/jdk8u144/9417/hotspot/src/share/vm/classfile/systemDictionary.c
Event: 16.493 Thread 0x00007f12d0018000 Exception <a 'java/lang/ClassNotFoundException': org/springframework/cloud/bus/BusPropertiesBeanInfo> (0x00000007ae73f410) thrown at [/HUDSON3/workspace/8-2-build-linux-amd64/jdk8u144/9417/hotspot/src/share/vm/classfile/systemDictionary.cpp, line 210]
Event: 16.494 Thread 0x00007f12d0018000 Exception <a 'java/lang/ClassNotFoundException': org/springframework/cloud/bus/BusPropertiesCustomizer> (0x00000007ae7768f0) thrown at [/HUDSON3/workspace/8-2-build-linux-amd64/jdk8u144/9417/hotspot/src/share/vm/classfile/systemDictionary.cpp, line 210]
Event: 16.555 Thread 0x00007f12d0018000 Exception <a 'java/lang/ClassNotFoundException': org/springframework/cloud/netflix/ribbon/SpringClientFactoryBeanInfo> (0x00000007af34c220) thrown at [/HUDSON3/workspace/8-2-build-linux-amd64/jdk8u144/9417/hotspot/src/share/vm/classfile/systemDictionary.c
Event: 16.556 Thread 0x00007f12d0018000 Exception <a 'java/lang/ClassNotFoundException': org/springframework/cloud/context/named/NamedContextFactoryBeanInfo> (0x00000007af38e318) thrown at [/HUDSON3/workspace/8-2-build-linux-amd64/jdk8u144/9417/hotspot/src/share/vm/classfile/systemDictionary.cp
Event: 16.557 Thread 0x00007f12d0018000 Exception <a 'java/lang/ClassNotFoundException': org/springframework/cloud/context/named/NamedContextFactoryCustomizer> (0x00000007af3d1490) thrown at [/HUDSON3/workspace/8-2-build-linux-amd64/jdk8u144/9417/hotspot/src/share/vm/classfile/systemDictionary.
Event: 16.558 Thread 0x00007f12d0018000 Exception <a 'java/lang/ClassNotFoundException': org/springframework/cloud/netflix/ribbon/SpringClientFactoryCustomizer> (0x00000007af4204b0) thrown at [/HUDSON3/workspace/8-2-build-linux-amd64/jdk8u144/9417/hotspot/src/share/vm/classfile/systemDictionary
Event: 16.559 Thread 0x00007f12d0018000 Exception <a 'java/lang/ClassNotFoundException': org/springframework/beans/factory/DisposableBeanCustomizer> (0x00000007af465558) thrown at [/HUDSON3/workspace/8-2-build-linux-amd64/jdk8u144/9417/hotspot/src/share/vm/classfile/systemDictionary.cpp, line 2
Event: 16.560 Thread 0x00007f12d0018000 Exception <a 'java/lang/ClassNotFoundException': org/springframework/context/ApplicationContextAwareCustomizer> (0x00000007af4a3068) thrown at [/HUDSON3/workspace/8-2-build-linux-amd64/jdk8u144/9417/hotspot/src/share/vm/classfile/systemDictionary.cpp, lin

Events (10 events):
Event: 16.560 Thread 0x00007f12d0018000 DEOPT UNPACKING pc=0x00007f12c1047633 sp=0x00007f12d9dee1e0 mode 1
Event: 16.560 Thread 0x00007f12d0018000 DEOPT PACKING pc=0x00007f12c2597ffc sp=0x00007f12d9dee3b0
Event: 16.560 Thread 0x00007f12d0018000 DEOPT UNPACKING pc=0x00007f12c1047633 sp=0x00007f12d9dee1e0 mode 1
Event: 16.560 Thread 0x00007f12d0018000 DEOPT PACKING pc=0x00007f12c2597ffc sp=0x00007f12d9dee3b0
Event: 16.560 Thread 0x00007f12d0018000 DEOPT UNPACKING pc=0x00007f12c1047633 sp=0x00007f12d9dee1e0 mode 1
Event: 16.560 Thread 0x00007f12d0018000 DEOPT PACKING pc=0x00007f12c2597ffc sp=0x00007f12d9dee3b0
Event: 16.560 Thread 0x00007f12d0018000 DEOPT UNPACKING pc=0x00007f12c1047633 sp=0x00007f12d9dee1e0 mode 1
Event: 16.562 loading class com/netflix/client/IResponse
Event: 16.562 loading class com/netflix/client/IResponse done
Event: 16.567 Executing VM operation: ParallelGCFailedAllocation


Dynamic libraries:
00400000-00401000 r-xp 00000000 08:52 6820374                            /usr/local/java/bin/java
00600000-00601000 rw-p 00000000 08:52 6820374                            /usr/local/java/bin/java
01185000-011a6000 rw-p 00000000 00:00 0                                  [heap]
705600000-70ca80000 rw-p 00000000 00:00 0 
70ca80000-781d00000 ---p 00000000 00:00 0 
781d00000-7b6c00000 rw-p 00000000 00:00 0 
7bde80000-7c0000000 ---p 00000000 00:00 0 
7c0000000-7c068a000 rw-p 00000000 00:00 0 
7c068a000-800000000 ---p 00000000 00:00 0 
7f1248000000-7f1248021000 rw-p 00000000 00:00 0 
7f1248021000-7f124c000000 ---p 00000000 00:00 0 
7f1250000000-7f1250021000 rw-p 00000000 00:00 0 
7f1250021000-7f1254000000 ---p 00000000 00:00 0 
7f1254000000-7f1254021000 rw-p 00000000 00:00 0 
7f1254021000-7f1258000000 ---p 00000000 00:00 0 
7f1258000000-7f1258021000 rw-p 00000000 00:00 0 
7f1258021000-7f125c000000 ---p 00000000 00:00 0 
7f125c000000-7f125c021000 rw-p 00000000 00:00 0 
7f125c021000-7f1260000000 ---p 00000000 00:00 0 
7f1260000000-7f1260021000 rw-p 00000000 00:00 0 
7f1260021000-7f1264000000 ---p 00000000 00:00 0 
7f1264000000-7f1264021000 rw-p 00000000 00:00 0 
7f1264021000-7f1268000000 ---p 00000000 00:00 0 
7f1268000000-7f1268390000 rw-p 00000000 00:00 0 
7f1268390000-7f126c000000 ---p 00000000 00:00 0 
7f126c000000-7f126c021000 rw-p 00000000 00:00 0 
7f126c021000-7f1270000000 ---p 00000000 00:00 0 
7f1270000000-7f1270021000 rw-p 00000000 00:00 0 
7f1270021000-7f1274000000 ---p 00000000 00:00 0 
7f1274000000-7f1274021000 rw-p 00000000 00:00 0 
7f1274021000-7f1278000000 ---p 00000000 00:00 0 
7f1278000000-7f127adf9000 rw-p 00000000 00:00 0 
7f127adf9000-7f127c000000 ---p 00000000 00:00 0 
7f127c000000-7f127d4d0000 rw-p 00000000 00:00 0 
7f127d4d0000-7f1280000000 ---p 00000000 00:00 0 
7f1280000000-7f1280021000 rw-p 00000000 00:00 0 
7f1280021000-7f1284000000 ---p 00000000 00:00 0 
7f1284000000-7f1287e85000 rw-p 00000000 00:00 0 
7f1287e85000-7f1288000000 ---p 00000000 00:00 0 
7f1288000000-7f1288021000 rw-p 00000000 00:00 0 
7f1288021000-7f128c000000 ---p 00000000 00:00 0 
7f128c000000-7f128c0bf000 rw-p 00000000 00:00 0 
7f128c0bf000-7f1290000000 ---p 00000000 00:00 0 
7f1290000000-7f1290021000 rw-p 00000000 00:00 0 
7f1290021000-7f1294000000 ---p 00000000 00:00 0 
7f1294000000-7f1294021000 rw-p 00000000 00:00 0 
7f1294021000-7f1298000000 ---p 00000000 00:00 0 
7f1298000000-7f1298021000 rw-p 00000000 00:00 0 
7f1298021000-7f129c000000 ---p 00000000 00:00 0 
7f129e2b0000-7f12a4000000 rw-p 00000000 00:00 0 
7f12a4000000-7f12a4021000 rw-p 00000000 00:00 0 
7f12a4021000-7f12a8000000 ---p 00000000 00:00 0 
7f12a8000000-7f12a828f000 rw-p 00000000 00:00 0 
7f12a828f000-7f12ac000000 ---p 00000000 00:00 0 
7f12ac000000-7f12ac021000 rw-p 00000000 00:00 0 
7f12ac021000-7f12b0000000 ---p 00000000 00:00 0 
7f12b30fd000-7f12b317d000 rw-p 00000000 00:00 0 
7f12b317d000-7f12b32fd000 ---p 00000000 00:00 0 
7f12b32fd000-7f12b34fd000 rw-p 00000000 00:00 0 
7f12b34fd000-7f12b36fd000 rw-p 00000000 00:00 0 
7f12b36fd000-7f12b3700000 ---p 00000000 00:00 0 
7f12b3700000-7f12b39fe000 rw-p 00000000 00:00 0 
7f12b39fe000-7f12b3a01000 ---p 00000000 00:00 0 
7f12b3a01000-7f12b3cff000 rw-p 00000000 00:00 0 
7f12b3cff000-7f12b3d02000 ---p 00000000 00:00 0 
7f12b3d02000-7f12b4000000 rw-p 00000000 00:00 0 
7f12b4000000-7f12b4021000 rw-p 00000000 00:00 0 
7f12b4021000-7f12b8000000 ---p 00000000 00:00 0 
7f12b80e4000-7f12b80e7000 ---p 00000000 00:00 0 
7f12b80e7000-7f12b81e5000 rw-p 00000000 00:00 0 
7f12b81e5000-7f12b81e8000 ---p 00000000 00:00 0 
7f12b81e8000-7f12b82e6000 rw-p 00000000 00:00 0 
7f12b82e6000-7f12b82e9000 ---p 00000000 00:00 0 
7f12b82e9000-7f12b83e7000 rw-p 00000000 00:00 0 
7f12b83e7000-7f12b83ea000 ---p 00000000 00:00 0 
7f12b83ea000-7f12b86e8000 rw-p 00000000 00:00 0 
7f12b86e8000-7f12b86eb000 ---p 00000000 00:00 0 
7f12b86eb000-7f12b89e9000 rw-p 00000000 00:00 0 
7f12b8a9f000-7f12b8c9f000 rw-p 00000000 00:00 0 
7f12b8c9f000-7f12b8e9f000 rw-p 00000000 00:00 0 
7f12b8e9f000-7f12b909f000 rw-p 00000000 00:00 0 
7f12b914c000-7f12b934c000 rw-p 00000000 00:00 0 
7f12b934c000-7f12b954c000 rw-p 00000000 00:00 0 
7f12b954c000-7f12b974c000 rw-p 00000000 00:00 0 
7f12b974c000-7f12b97e1000 r--s 01110000 08:52 6820534                    /usr/local/java/jre/lib/ext/jfxrt.jar
7f12b97e1000-7f12b97f2000 r-xp 00000000 08:52 6820483                    /usr/local/java/jre/lib/amd64/libnio.so
7f12b97f2000-7f12b99f1000 ---p 00011000 08:52 6820483                    /usr/local/java/jre/lib/amd64/libnio.so
7f12b99f1000-7f12b99f2000 rw-p 00010000 08:52 6820483                    /usr/local/java/jre/lib/amd64/libnio.so
7f12b99f2000-7f12b9bf2000 rw-p 00000000 00:00 0 
7f12b9bf2000-7f12b9df2000 rw-p 00000000 00:00 0 
7f12b9df2000-7f12b9ff2000 rw-p 00000000 00:00 0 
7f12b9ff2000-7f12ba1f2000 rw-p 00000000 00:00 0 
7f12ba1f2000-7f12ba1fb000 r-xp 00000000 08:52 6820494                    /usr/local/java/jre/lib/amd64/libmanagement.so
7f12ba1fb000-7f12ba3fa000 ---p 00009000 08:52 6820494                    /usr/local/java/jre/lib/amd64/libmanagement.so
7f12ba3fa000-7f12ba3fb000 rw-p 00008000 08:52 6820494                    /usr/local/java/jre/lib/amd64/libmanagement.so
7f12ba3fb000-7f12ba5fb000 rw-p 00000000 00:00 0 
7f12ba5fb000-7f12ba60f000 r-xp 00000000 08:52 1182263                    /lib/x86_64-linux-gnu/libresolv-2.24.so
7f12ba60f000-7f12ba80e000 ---p 00014000 08:52 1182263                    /lib/x86_64-linux-gnu/libresolv-2.24.so
7f12ba80e000-7f12ba80f000 r--p 00013000 08:52 1182263                    /lib/x86_64-linux-gnu/libresolv-2.24.so
7f12ba80f000-7f12ba810000 rw-p 00014000 08:52 1182263                    /lib/x86_64-linux-gnu/libresolv-2.24.so
7f12ba810000-7f12ba812000 rw-p 00000000 00:00 0 
7f12ba812000-7f12ba817000 r-xp 00000000 08:52 1182210                    /lib/x86_64-linux-gnu/libnss_dns-2.24.so
7f12ba817000-7f12baa16000 ---p 00005000 08:52 1182210                    /lib/x86_64-linux-gnu/libnss_dns-2.24.so
7f12baa16000-7f12baa17000 r--p 00004000 08:52 1182210                    /lib/x86_64-linux-gnu/libnss_dns-2.24.so
7f12baa17000-7f12baa18000 rw-p 00005000 08:52 1182210                    /lib/x86_64-linux-gnu/libnss_dns-2.24.so
7f12baa2d000-7f12baa32000 r--s 0009a000 08:52 6820402                    /usr/local/java/jre/lib/jsse.jar
7f12baa32000-7f12baa37000 r--s 002f9000 08:52 6820403                    /usr/local/java/jre/lib/charsets.jar
7f12baa37000-7f12baa3a000 ---p 00000000 00:00 0 
7f12baa3a000-7f12bae39000 rw-p 00000000 00:00 0 
7f12bae39000-7f12bae4f000 r-xp 00000000 08:52 6820458                    /usr/local/java/jre/lib/amd64/libnet.so
7f12bae4f000-7f12bb04f000 ---p 00016000 08:52 6820458                    /usr/local/java/jre/lib/amd64/libnet.so
7f12bb04f000-7f12bb050000 rw-p 00016000 08:52 6820458                    /usr/local/java/jre/lib/amd64/libnet.so
7f12bb050000-7f12bb05a000 r--s 00116000 08:52 6820538                    /usr/local/java/jre/lib/ext/localedata.jar
7f12bb05a000-7f12bb076000 r--s 00393000 08:52 6820541                    /usr/local/java/jre/lib/ext/cldrdata.jar
7f12bb076000-7f12bb07d000 r--s 00000000 08:52 1711716                    /usr/lib/x86_64-linux-gnu/gconv/gconv-modules.cache
7f12bb07d000-7f12bb09f000 r--p 00000000 08:52 2885184                    /usr/share/locale/zh_CN/LC_MESSAGES/libc.mo
7f12bb09f000-7f12bb0a1000 r--s 0001a000 08:52 4729384                    /opt/idea/lib/idea_rt.jar
7f12bb0a1000-7f12bb0b6000 r--s 00141000 08:52 1056149                    /home/lilong/.m2/repository/org/projectlombok/lombok/1.16.10/lombok-1.16.10.jar
7f12bb0b6000-7f12bb0be000 r--s 0006e000 08:52 1314578                    /home/lilong/.m2/repository/org/apache/commons/commons-lang3/3.5/commons-lang3-3.5.jar
7f12bb0be000-7f12bb0bf000 r--s 00005000 08:52 393498                     /home/lilong/.m2/repository/com/googlecode/json-simple/json-simple/1.1.1/json-simple-1.1.1.jar
7f12bb0bf000-7f12bb0c6000 r--s 0004a000 08:52 1445327                    /home/lilong/.m2/repository/org/jolokia/jolokia-core/1.3.5/jolokia-core-1.3.5.jar
7f12bb0c6000-7f12bb0dd000 r--s 000fb000 08:52 1186757                    /home/lilong/.m2/repository/org/springframework/spring-core/4.3.7.RELEASE/spring-core-4.3.7.RELEASE.jar
7f12bb0dd000-7f12bb0e2000 r--s 0001b000 08:52 1314662                    /home/lilong/.m2/repository/org/springframework/retry/spring-retry/1.2.0.RELEASE/spring-retry-1.2.0.RELEASE.jar
7f12bb0e2000-7f12bb0fb000 r--s 001af000 08:52 1056147                    /home/lilong/.m2/repository/org/aspectj/aspectjweaver/1.8.9/aspectjweaver-1.8.9.jar
7f12bb0fb000-7f12bb104000 r--s 00054000 08:52 1186764                    /home/lilong/.m2/repository/org/springframework/spring-aop/4.3.7.RELEASE/spring-aop-4.3.7.RELEASE.jar
7f12bb104000-7f12bb105000 r--s 00000000 08:52 1314651                    /home/lilong/.m2/repository/org/springframework/boot/spring-boot-starter-aop/1.5.2.RELEASE/spring-boot-starter-aop-1.5.2.RELEASE.jar
7f12bb105000-7f12bb11d000 r--s 000fd000 08:52 1312951                    /home/lilong/.m2/repository/io/reactivex/rxjava/1.1.10/rxjava-1.1.10.jar
7f12bb11d000-7f12bb11f000 r--s 00002000 08:52 393399                     /home/lilong/.m2/repository/com/netflix/netflix-commons/netflix-statistics/0.1.1/netflix-statistics-0.1.1.jar
7f12bb11f000-7f12bb123000 r--s 00024000 08:52 393384                     /home/lilong/.m2/repository/com/netflix/ribbon/ribbon-loadbalancer/2.2.2/ribbon-loadbalancer-2.2.2.jar
7f12bb123000-7f12bb124000 r--s 00001000 08:52 393407                     /home/lilong/.m2/repository/com/netflix/netflix-commons/netflix-commons-util/0.1.1/netflix-commons-util-0.1.1.jar
7f12bb124000-7f12bb126000 r--s 0000c000 08:52 393387                     /home/lilong/.m2/repository/com/netflix/ribbon/ribbon-httpclient/2.2.2/ribbon-httpclient-2.2.2.jar
7f12bb126000-7f12bb12a000 r--s 00011000 08:52 393403                     /home/lilong/.m2/repository/com/netflix/ribbon/ribbon-core/2.2.2/ribbon-core-2.2.2.jar
7f12bb12a000-7f12bb131000 r--s 00047000 08:52 1312944                    /home/lilong/.m2/repository/io/netty/netty-transport/4.0.27.Final/netty-transport-4.0.27.Final.jar
7f12bb131000-7f12bb133000 r--s 00027000 08:52 1312933                    /home/lilong/.m2/repository/io/netty/netty-buffer/4.0.27.Final/netty-buffer-4.0.27.Final.jar
7f12bb133000-7f12bb13a000 r--s 00060000 08:52 1312941                    /home/lilong/.m2/repository/io/netty/netty-common/4.0.27.Final/netty-common-4.0.27.Final.jar
7f12bb13a000-7f12bb13c000 r--s 00016000 08:52 1312940                    /home/lilong/.m2/repository/io/netty/netty-transport-native-epoll/4.0.27.Final/netty-transport-native-epoll-4.0.27.Final.jar
7f12bb13c000-7f12bb141000 r--s 00036000 08:52 1312926                    /home/lilong/.m2/repository/io/netty/netty-handler/4.0.27.Final/netty-handler-4.0.27.Final.jar
7f12bb141000-7f12bb145000 r--s 00020000 08:52 1312939                    /home/lilong/.m2/repository/io/netty/netty-codec/4.0.27.Final/netty-codec-4.0.27.Final.jar
7f12bb145000-7f12bb14d000 r--s 00061000 08:52 1312932                    /home/lilong/.m2/repository/io/netty/netty-codec-http/4.0.27.Final/netty-codec-http-4.0.27.Final.jar
7f12bb14d000-7f12bb157000 r--s 00059000 08:52 1312916                    /home/lilong/.m2/repository/io/reactivex/rxnetty/0.4.9/rxnetty-0.4.9.jar
7f12bb157000-7f12bb158000 r--s 00000000 08:52 1312927                    /home/lilong/.m2/repository/javax/inject/javax.inject/1/javax.inject-1.jar
7f12bb158000-7f12bb15a000 r--s 00006000 08:52 1312911                    /home/lilong/.m2/repository/io/reactivex/rxnetty-servo/0.4.9/rxnetty-servo-0.4.9.jar
7f12bb15a000-7f12bb15d000 r--s 0000b000 08:52 1312922                    /home/lilong/.m2/repository/io/reactivex/rxnetty-contexts/0.4.9/rxnetty-contexts-0.4.9.jar
7f12bb15d000-7f12bb15e000 r--s 00009000 08:52 393371                     /home/lilong/.m2/repository/com/netflix/ribbon/ribbon-transport/2.2.2/ribbon-transport-2.2.2.jar
7f12bb15e000-7f12bb162000 r--s 00012000 08:52 393364                     /home/lilong/.m2/repository/com/netflix/ribbon/ribbon/2.2.2/ribbon-2.2.2.jar
7f12bb162000-7f12bb163000 r--s 00000000 08:52 1312903                    /home/lilong/.m2/repository/org/springframework/cloud/spring-cloud-starter-ribbon/1.3.0.RELEASE/spring-cloud-starter-ribbon-1.3.0.RELEASE.jar
7f12bb163000-7f12bb165000 r--s 00004000 08:52 6953460                    /home/lilong/.m2/repository/org/slf4j/log4j-over-slf4j/1.7.24/log4j-over-slf4j-1.7.24.jar
7f12bb165000-7f12bb167000 r--s 00000000 08:52 7085746                    /home/lilong/.m2/repository/org/slf4j/jul-to-slf4j/1.7.24/jul-to-slf4j-1.7.24.jar
7f12bb167000-7f12bb169000 r--s 00003000 08:52 1186807                    /home/lilong/.m2/repository/org/slf4j/jcl-over-slf4j/1.7.24/jcl-over-slf4j-1.7.24.jar
7f12bb169000-7f12bb174000 r--s 0006a000 08:52 1186830                    /home/lilong/.m2/repository/ch/qos/logback/logback-core/1.1.11/logback-core-1.1.11.jar
7f12bb174000-7f12bb17b000 r--s 00045000 08:52 1186828                    /home/lilong/.m2/repository/ch/qos/logback/logback-classic/1.1.11/logback-classic-1.1.11.jar
7f12bb17b000-7f12bb17c000 r--s 00000000 08:52 1186726                    /home/lilong/.m2/repository/org/springframework/boot/spring-boot-starter-logging/1.5.2.RELEASE/spring-boot-starter-logging-1.5.2.RELEASE.jar
7f12bb17c000-7f12bb17d000 r--s 00003000 08:52 1445305                    /home/lilong/.m2/repository/org/springframework/cloud/spring-cloud-netflix-hystrix-stream/1.3.0.RELEASE/spring-cloud-netflix-hystrix-stream-1.3.0.RELEASE.jar
7f12bb17d000-7f12bb17f000 r--s 0000c000 08:52 1056145                    /home/lilong/.m2/repository/org/ow2/asm/asm/5.0.4/asm-5.0.4.jar
7f12bb17f000-7f12bb184000 r--s 00026000 08:52 393381                     /home/lilong/.m2/repository/com/netflix/hystrix/hystrix-javanica/1.5.10/hystrix-javanica-1.5.10.jar
7f12bb184000-7f12bb187000 r--s 00021000 08:52 1842468                    /home/lilong/.m2/repository/com/fasterxml/jackson/module/jackson-module-afterburner/2.8.7/jackson-module-afterburner-2.8.7.jar
7f12bb187000-7f12bb189000 r--s 00007000 08:52 393402                     /home/lilong/.m2/repository/com/netflix/hystrix/hystrix-serialization/1.5.10/hystrix-serialization-1.5.10.jar
7f12bb189000-7f12bb18b000 r--s 0000c000 08:52 393379                     /home/lilong/.m2/repository/com/netflix/hystrix/hystrix-metrics-event-stream/1.5.10/hystrix-metrics-event-stream-1.5.10.jar
7f12bb18b000-7f12bb18d000 r--s 0001a000 08:52 1312925                    /home/lilong/.m2/repository/org/hdrhistogram/HdrHistogram/2.1.9/HdrHistogram-2.1.9.jar
7f12bb18d000-7f12bb199000 r--s 00067000 08:52 393382                     /home/lilong/.m2/repository/com/netflix/hystrix/hystrix-core/1.5.10/hystrix-core-1.5.10.jar
7f12bb199000-7f12bb19a000 r--s 00000000 08:52 1445291                    /home/lilong/.m2/repository/org/springframework/cloud/spring-cloud-starter-hystrix/1.3.0.RELEASE/spring-cloud-starter-hystrix-1.3.0.RELEASE.jar
7f12bb19a000-7f12bb19c000 r--s 00009000 08:52 1445312                    /home/lilong/.m2/repository/org/springframework/cloud/spring-cloud-bus/1.3.0.RELEASE/spring-cloud-bus-1.3.0.RELEASE.jar
7f12bb19c000-7f12bb19d000 r--s 00000000 08:52 1445321                    /home/lilong/.m2/repository/org/springframework/cloud/spring-cloud-starter-stream-rabbit/1.2.0.RELEASE/spring-cloud-starter-stream-rabbit-1.2.0.RELEASE.jar
7f12bb19d000-7f12bb19e000 r--s 00000000 08:52 1445316                    /home/lilong/.m2/repository/org/springframework/cloud/spring-cloud-starter-bus-amqp/1.3.0.RELEASE/spring-cloud-starter-bus-amqp-1.3.0.RELEASE.jar
7f12bb19e000-7f12bb1a0000 r--s 00007000 08:52 1445292                    /home/lilong/.m2/repository/org/springframework/cloud/spring-cloud-config-client/1.3.0.RELEASE/spring-cloud-config-client-1.3.0.RELEASE.jar
7f12bb1a0000-7f12bb1a1000 r--s 00000000 08:52 1445315                    /home/lilong/.m2/repository/org/springframework/cloud/spring-cloud-starter-config/1.3.0.RELEASE/spring-cloud-starter-config-1.3.0.RELEASE.jar
7f12bb1a1000-7f12bb1a3000 r--s 00011000 08:52 1445296                    /home/lilong/.m2/repository/org/springframework/integration/spring-integration-amqp/4.3.8.RELEASE/spring-integration-amqp-4.3.8.RELEASE.jar
7f12bb1a3000-7f12bb1ae000 r--s 0006b000 08:52 393454                     /home/lilong/.m2/repository/com/rabbitmq/amqp-client/4.0.2/amqp-client-4.0.2.jar
7f12bb1ae000-7f12bb1b0000 r--s 0000b000 08:52 393451                     /home/lilong/.m2/repository/com/rabbitmq/http-client/1.1.1.RELEASE/http-client-1.1.1.RELEASE.jar
7f12bb1b0000-7f12bb1b4000 r--s 0001b000 08:52 1445293                    /home/lilong/.m2/repository/org/springframework/amqp/spring-amqp/1.7.1.RELEASE/spring-amqp-1.7.1.RELEASE.jar
7f12bb1b4000-7f12bb1bc000 r--s 0006a000 08:52 1445313                    /home/lilong/.m2/repository/org/springframework/amqp/spring-rabbit/1.7.1.RELEASE/spring-rabbit-1.7.1.RELEASE.jar
7f12bb1bc000-7f12bb1bd000 r--s 00000000 08:52 1445303                    /home/lilong/.m2/repository/org/springframework/boot/spring-boot-starter-amqp/1.5.2.RELEASE/spring-boot-starter-amqp-1.5.2.RELEASE.jar
7f12bb1bd000-7f12bb1bf000 r--s 00009000 08:52 1445301                    /home/lilong/.m2/repository/org/objenesis/objenesis/2.1/objenesis-2.1.jar
7f12bb1bf000-7f12bb1c0000 r--s 00001000 08:52 393449                     /home/lilong/.m2/repository/com/esotericsoftware/minlog/1.3.0/minlog-1.3.0.jar
7f12bb1c0000-7f12bb1c7000 r--s 00051000 08:52 393447                     /home/lilong/.m2/repository/com/esotericsoftware/kryo-shaded/3.0.3/kryo-shaded-3.0.3.jar
7f12bb1c7000-7f12bb1c9000 r--s 00000000 08:52 1445297                    /home/lilong/.m2/repository/org/springframework/cloud/spring-cloud-stream-codec/1.2.1.RELEASE/spring-cloud-stream-codec-1.2.1.RELEASE.jar
7f12bb1c9000-7f12bb1ca000 r--s 00006000 08:52 1445290                    /home/lilong/.m2/repository/org/springframework/cloud/spring-cloud-stream-binder-rabbit-core/1.2.0.RELEASE/spring-cloud-stream-binder-rabbit-core-1.2.0.RELEASE.jar
7f12bb1ca000-7f12bb1cb000 r--s 00004000 08:52 1445307                    /home/lilong/.m2/repository/org/springframework/cloud/spring-cloud-stream-binder-rabbit/1.2.0.RELEASE/spring-cloud-stream-binder-rabbit-1.2.0.RELEASE.jar
7f12bb1cb000-7f12bb1cc000 r--s 00001000 08:52 1445286                    /home/lilong/.m2/repository/org/springframework/integration/spring-integration-tuple/1.0.0.RELEASE/spring-integration-tuple-1.0.0.RELEASE.jar
7f12bb1cc000-7f12bb1ce000 r--s 00006000 08:52 1314608                    /home/lilong/.m2/repository/org/springframework/spring-tuple/1.0.0.RELEASE/spring-tuple-1.0.0.RELEASE.jar
7f12bb1ce000-7f12bb1d1000 r--s 0000d000 08:52 1314645                    /home/lilong/.m2/repository/org/springframework/integration/spring-integration-jmx/4.3.8.RELEASE/spring-integration-jmx-4.3.8.RELEASE.jar
7f12bb1d1000-7f12bb1d9000 r--s 0003a000 08:52 1314630                    /home/lilong/.m2/repository/org/springframework/spring-tx/4.3.7.RELEASE/spring-tx-4.3.7.RELEASE.jar
7f12bb1d9000-7f12bb1f1000 r--s 000ed000 08:52 1314620                    /home/lilong/.m2/repository/org/springframework/integration/spring-integration-core/4.3.8.RELEASE/spring-integration-core-4.3.8.RELEASE.jar
7f12bb1f1000-7f12bb1fa000 r--s 00055000 08:52 1314609                    /home/lilong/.m2/repository/org/springframework/spring-messaging/4.3.7.RELEASE/spring-messaging-4.3.7.RELEASE.jar
7f12bb1fa000-7f12bb1ff000 r--s 00028000 08:52 1314617                    /home/lilong/.m2/repository/org/springframework/cloud/spring-cloud-stream/1.2.1.RELEASE/spring-cloud-stream-1.2.1.RELEASE.jar
7f12bb1ff000-7f12bb201000 r--s 00005000 08:52 1314600                    /home/lilong/.m2/repository/org/springframework/cloud/spring-cloud-sleuth-stream/1.2.0.RELEASE/spring-cloud-sleuth-stream-1.2.0.RELEASE.jar
7f12bb201000-7f12bb205000 r--s 00019000 08:52 1314633                    /home/lilong/.m2/repository/org/aspectj/aspectjrt/1.8.9/aspectjrt-1.8.9.jar
7f12bb205000-7f12bb20c000 r--s 00035000 08:52 1314625                    /home/lilong/.m2/repository/org/springframework/cloud/spring-cloud-sleuth-core/1.2.0.RELEASE/spring-cloud-sleuth-core-1.2.0.RELEASE.jar
7f12bb20c000-7f12bb20d000 r--s 00000000 08:52 1314613                    /home/lilong/.m2/repository/org/springframework/cloud/spring-cloud-starter-sleuth/1.2.0.RELEASE/spring-cloud-starter-sleuth-1.2.0.RELEASE.jar
7f12bb20d000-7f12bb217000 r--s 000e9000 08:52 1445654                    /home/lilong/.m2/repository/mysql/mysql-connector-java/5.1.41/mysql-connector-java-5.1.41.jar
7f12bb217000-7f12bb2ee000 r--s 007a9000 08:52 1445652                    /home/lilong/.m2/repository/net/sf/ehcache/ehcache/2.10.3/ehcache-2.10.3.jar
7f12bb2ee000-7f12bb2f0000 r--s 00005000 08:52 1186821                    /home/lilong/.m2/repository/xpp3/xpp3_min/1.1.4c/xpp3_min-1.1.4c.jar
7f12bb2f0000-7f12bb2f1000 r--s 00001000 08:52 1186810                    /home/lilong/.m2/repository/xmlpull/xmlpull/1.1.3.1/xmlpull-1.1.3.1.jar
7f12bb2f1000-7f12bb2ff000 r--s 00079000 08:52 1842466                    /home/lilong/.m2/repository/com/thoughtworks/xstream/xstream/1.4.9/xstream-1.4.9.jar
7f12bb2ff000-7f12bb301000 r--s 00003000 08:52 393390                     /home/lilong/.m2/repository/com/netflix/ribbon/ribbon-eureka/2.2.2/ribbon-eureka-2.2.2.jar
7f12bb301000-7f12bb305000 r--s 00024000 08:52 1312887                    /home/lilong/.m2/repository/org/codehaus/woodstox/stax2-api/3.1.4/stax2-api-3.1.4.jar
7f12bb305000-7f12bb307000 r--s 00004000 08:52 1312893                    /home/lilong/.m2/repository/javax/xml/stream/stax-api/1.0-2/stax-api-1.0-2.jar
7f12bb307000-7f12bb30d000 r--s 00071000 08:52 1312890                    /home/lilong/.m2/repository/org/codehaus/woodstox/woodstox-core-asl/4.4.1/woodstox-core-asl-4.4.1.jar
7f12bb30d000-7f12bb312000 r--s 00039000 08:52 393369                     /home/lilong/.m2/repository/com/netflix/eureka/eureka-core/1.6.2/eureka-core-1.6.2.jar
7f12bb312000-7f12bb314000 r--s 00000000 08:52 6837472                    /home/lilong/.m2/repository/aopalliance/aopalliance/1.0/aopalliance-1.0.jar
7f12bb314000-7f12bb322000 r--s 00097000 08:52 1842457                    /home/lilong/.m2/repository/com/google/inject/guice/4.1.0/guice-4.1.0.jar
7f12bb322000-7f12bb324000 r--s 00003000 08:52 1842478                    /home/lilong/.m2/repository/com/sun/jersey/contribs/jersey-apache-client4/1.19.1/jersey-apache-client4-1.19.1.jar
7f12bb324000-7f12bb327000 r--s 0001e000 08:52 1842460                    /home/lilong/.m2/repository/com/sun/jersey/jersey-client/1.19.1/jersey-client-1.19.1.jar
7f12bb327000-7f12bb331000 r--s 00061000 08:52 1842470                    /home/lilong/.m2/repository/com/sun/jersey/jersey-core/1.19.1/jersey-core-1.19.1.jar
7f12bb331000-7f12bb335000 r--s 00027000 08:52 393375                     /home/lilong/.m2/repository/com/netflix/servo/servo-internal/0.10.1/servo-internal-0.10.1.jar
7f12bb335000-7f12bb33a000 r--s 00032000 08:52 393405                     /home/lilong/.m2/repository/com/netflix/servo/servo-core/0.10.1/servo-core-0.10.1.jar
7f12bb33a000-7f12bb33c000 r--s 0000a000 08:52 926576                     /home/lilong/.m2/repository/javax/ws/rs/jsr311-api/1.1.1/jsr311-api-1.1.1.jar
7f12bb33c000-7f12bb34f000 r--s 000df000 08:52 7085744                    /home/lilong/.m2/repository/org/apache/commons/commons-math/2.2/commons-math-2.2.jar
7f12bb34f000-7f12bb354000 r--s 00034000 08:52 1842462                    /home/lilong/.m2/repository/com/google/code/gson/gson/2.8.0/gson-2.8.0.jar
7f12bb354000-7f12bb359000 r--s 00068000 08:52 926574                     /home/lilong/.m2/repository/antlr/antlr/2.7.7/antlr-2.7.7.jar
7f12bb359000-7f12bb35c000 r--s 00022000 08:52 1186790                    /home/lilong/.m2/repository/org/antlr/stringtemplate/3.2.1/stringtemplate-3.2.1.jar
7f12bb35c000-7f12bb360000 r--s 00025000 08:52 1186797                    /home/lilong/.m2/repository/org/antlr/antlr-runtime/3.4/antlr-runtime-3.4.jar
7f12bb360000-7f12bb371000 r--s 0008a000 08:52 1056119                    /home/lilong/.m2/repository/joda-time/joda-time/2.9.7/joda-time-2.9.7.jar
7f12bb371000-7f12bb377000 r--s 00044000 08:52 1186794                    /home/lilong/.m2/repository/commons-jxpath/commons-jxpath/1.3/commons-jxpath-1.3.jar
7f12bb377000-7f12bb37a000 r--s 00016000 08:52 393368                     /home/lilong/.m2/repository/com/netflix/netflix-commons/netflix-infix/0.3.0/netflix-infix-0.3.0.jar
7f12bb37a000-7f12bb37c000 r--s 0000f000 08:52 393365                     /home/lilong/.m2/repository/com/netflix/netflix-commons/netflix-eventbus/0.3.0/netflix-eventbus-0.3.0.jar
7f12bb37c000-7f12bb37e000 r--s 00005000 08:52 1186746                    /home/lilong/.m2/repository/stax/stax-api/1.0.1/stax-api-1.0.1.jar
7f12bb37e000-7f12bb381000 r--s 00012000 08:52 1186752                    /home/lilong/.m2/repository/org/codehaus/jettison/jettison/1.3.7/jettison-1.3.7.jar
7f12bb381000-7f12bb38a000 r--s 0005b000 08:52 393396                     /home/lilong/.m2/repository/com/netflix/eureka/eureka-client/1.6.2/eureka-client-1.6.2.jar
7f12bb38a000-7f12bb38d000 r--s 00011000 08:52 1186784                    /home/lilong/.m2/repository/org/springframework/cloud/spring-cloud-netflix-eureka-client/1.3.0.RELEASE/spring-cloud-netflix-eureka-client-1.3.0.RELEASE.jar
7f12bb38d000-7f12bb38e000 r--s 00000000 08:52 1314626                    /home/lilong/.m2/repository/org/springframework/cloud/spring-cloud-starter-eureka/1.3.0.RELEASE/spring-cloud-starter-eureka-1.3.0.RELEASE.jar
7f12bb38e000-7f12bb395000 r--s 00050000 08:52 1186795                    /home/lilong/.m2/repository/commons-configuration/commons-configuration/1.8/commons-configuration-1.8.jar
7f12bb395000-7f12bb397000 r--s 00003000 08:52 1842503                    /home/lilong/.m2/repository/com/google/code/findbugs/jsr305/3.0.1/jsr305-3.0.1.jar
7f12bb397000-7f12bb39b000 r--s 0001e000 08:52 393394                     /home/lilong/.m2/repository/com/netflix/archaius/archaius-core/0.7.4/archaius-core-0.7.4.jar
7f12bb39b000-7f12bb39c000 r--s 00000000 08:52 1312906                    /home/lilong/.m2/repository/org/springframework/cloud/spring-cloud-starter-archaius/1.3.0.RELEASE/spring-cloud-starter-archaius-1.3.0.RELEASE.jar
7f12bb39c000-7f12bb39d000 r--s 00003000 08:52 1314632                    /home/lilong/.m2/repository/io/github/openfeign/feign-hystrix/9.4.0/feign-hystrix-9.4.0.jar
7f12bb39d000-7f12bb39e000 r--s 00000000 08:52 1314640                    /home/lilong/.m2/repository/io/github/openfeign/feign-slf4j/9.4.0/feign-slf4j-9.4.0.jar
7f12bb39e000-7f12bb39f000 r--s 00000000 08:52 1314657                    /home/lilong/.m2/repository/org/jvnet/animal-sniffer-annotation/1.0/animal-sniffer-annotation-1.0.jar
7f12bb39f000-7f12bb3a1000 r--s 00016000 08:52 1314652                    /home/lilong/.m2/repository/io/github/openfeign/feign-core/9.4.0/feign-core-9.4.0.jar
7f12bb3a1000-7f12bb3a3000 r--s 0000c000 08:52 1186715                    /home/lilong/.m2/repository/org/springframework/security/spring-security-crypto/4.2.2.RELEASE/spring-security-crypto-4.2.2.RELEASE.jar
7f12bb3a3000-7f12bb3a8000 r--s 00016000 08:52 1186781                    /home/lilong/.m2/repository/org/springframework/cloud/spring-cloud-commons/1.2.0.RELEASE/spring-cloud-commons-1.2.0.RELEASE.jar
7f12bb3a8000-7f12bb3b2000 r--s 00055000 08:52 1186812                    /home/lilong/.m2/repository/org/springframework/cloud/spring-cloud-netflix-core/1.3.0.RELEASE/spring-cloud-netflix-core-1.3.0.RELEASE.jar
7f12bb3b2000-7f12bb3fc000 r--s 002f4000 08:52 1186730                    /home/lilong/.m2/repository/org/bouncycastle/bcprov-jdk15on/1.55/bcprov-jdk15on-1.55.jar
7f12bb3fc000-7f12bb40d000 r--s 00096000 08:52 1186727                    /home/lilong/.m2/repository/org/bouncycastle/bcpkix-jdk15on/1.55/bcpkix-jdk15on-1.55.jar
7f12bb40d000-7f12bb40e000 r--s 00004000 08:52 1186718                    /home/lilong/.m2/repository/org/springframework/security/spring-security-rsa/1.0.3.RELEASE/spring-security-rsa-1.0.3.RELEASE.jar
7f12bb40e000-7f12bb411000 r--s 00015000 08:52 1186721                    /home/lilong/.m2/repository/org/springframework/cloud/spring-cloud-context/1.2.0.RELEASE/spring-cloud-context-1.2.0.RELEASE.jar
7f12bb411000-7f12bb412000 r--s 00000000 08:52 1186786                    /home/lilong/.m2/repository/org/springframework/cloud/spring-cloud-starter/1.2.0.RELEASE/spring-cloud-starter-1.2.0.RELEASE.jar
7f12bb412000-7f12bb413000 r--s 00000000 08:52 1314637                    /home/lilong/.m2/repository/org/springframework/cloud/spring-cloud-starter-feign/1.3.0.RELEASE/spring-cloud-starter-feign-1.3.0.RELEASE.jar
7f12bb413000-7f12bb42d000 r--s 000fd000 08:52 1186722                    /home/lilong/.m2/repository/org/springframework/spring-context/4.3.7.RELEASE/spring-context-4.3.7.RELEASE.jar
7f12bb42d000-7f12bb42e000 r--s 00000000 08:52 1445650                    /home/lilong/.m2/repository/org/springframework/boot/spring-boot-starter-cache/1.5.2.RELEASE/spring-boot-starter-cache-1.5.2.RELEASE.jar
7f12bb42e000-7f12bb43e000 r--s 00077000 08:52 1186770                    /home/lilong/.m2/repository/org/springframework/boot/spring-boot-actuator/1.5.2.RELEASE/spring-boot-actuator-1.5.2.RELEASE.jar
7f12bb43e000-7f12bb43f000 r--s 00000000 08:52 1186765                    /home/lilong/.m2/repository/org/springframework/boot/spring-boot-starter-actuator/1.5.2.RELEASE/spring-boot-starter-actuator-1.5.2.RELEASE.jar
7f12bb43f000-7f12bb444000 r--s 0003c000 08:52 1186832                    /home/lilong/.m2/repository/org/springframework/spring-expression/4.3.7.RELEASE/spring-expression-4.3.7.RELEASE.jar
7f12bb444000-7f12bb455000 r--s 000cf000 08:52 6837467                    /home/lilong/.m2/repository/org/springframework/spring-webmvc/4.3.7.RELEASE/spring-webmvc-4.3.7.RELEASE.jar
7f12bb455000-7f12bb457000 r--s 0000e000 08:52 1842458                    /home/lilong/.m2/repository/com/fasterxml/classmate/1.3.3/classmate-1.3.3.jar
7f12bb457000-7f12bb45b000 r--s 0000c000 08:52 7085742                    /home/lilong/.m2/repository/javax/validation/validation-api/1.1.0.Final/validation-api-1.1.0.Final.jar
7f12bb45b000-7f12bb46c000 r--s 000a1000 08:52 1186744                    /home/lilong/.m2/repository/org/hibernate/hibernate-validator/5.3.4.Final/hibernate-validator-5.3.4.Final.jar
7f12bb46c000-7f12bb471000 r--s 00036000 08:52 1186741                    /home/lilong/.m2/repository/org/apache/tomcat/embed/tomcat-embed-websocket/8.5.11/tomcat-embed-websocket-8.5.11.jar
7f12bb471000-7f12bb476000 r--s 00036000 08:52 1186717                    /home/lilong/.m2/repository/org/apache/tomcat/embed/tomcat-embed-el/8.5.11/tomcat-embed-el-8.5.11.jar
7f12bb476000-7f12bb49f000 r--s 002b8000 08:52 1186740                    /home/lilong/.m2/repository/org/apache/tomcat/embed/tomcat-embed-core/8.5.11/tomcat-embed-core-8.5.11.jar
7f12bb49f000-7f12bb4a0000 r--s 00000000 08:52 1186739                    /home/lilong/.m2/repository/org/springframework/boot/spring-boot-starter-tomcat/1.5.2.RELEASE/spring-boot-starter-tomcat-1.5.2.RELEASE.jar
7f12bb4a0000-7f12bb4a6000 r--s 0003d000 08:52 1186837                    /home/lilong/.m2/repository/org/yaml/snakeyaml/1.17/snakeyaml-1.17.jar
7f12bb4a6000-7f12bb4c6000 r--s 000e0000 08:52 1186732                    /home/lilong/.m2/repository/org/springframework/boot/spring-boot-autoconfigure/1.5.2.RELEASE/spring-boot-autoconfigure-1.5.2.RELEASE.jar
7f12bb4c6000-7f12bb4d6000 r--s 00094000 08:52 1186800                    /home/lilong/.m2/repository/org/springframework/boot/spring-boot/1.5.2.RELEASE/spring-boot-1.5.2.RELEASE.jar
7f12bb4d6000-7f12bb4d7000 r--s 00000000 08:52 1186798                    /home/lilong/.m2/repository/org/springframework/boot/spring-boot-starter/1.5.2.RELEASE/spring-boot-starter-1.5.2.RELEASE.jar
7f12bb4d7000-7f12bb4d8000 r--s 00000000 08:52 1186750                    /home/lilong/.m2/repository/org/springframework/boot/spring-boot-starter-web/1.5.2.RELEASE/spring-boot-starter-web-1.5.2.RELEASE.jar
7f12bb4d8000-7f12bb4dc000 r--s 00033000 08:52 1314615                    /home/lilong/.m2/repository/org/glassfish/javax.el/3.0.0/javax.el-3.0.0.jar
7f12bb4dc000-7f12bb4df000 r--s 00015000 08:52 6837532                    /home/lilong/.m2/repository/javax/servlet/javax.servlet-api/3.1.0/javax.servlet-api-3.1.0.jar
7f12bb4df000-7f12bb4e1000 r--s 00009000 08:52 1314614                    /home/lilong/.m2/repository/org/jboss/spec/javax/websocket/jboss-websocket-api_1.1_spec/1.1.0.Final/jboss-websocket-api_1.1_spec-1.1.0.Final.jar
7f12bb4e1000-7f12bb4e5000 r--s 00025000 08:52 1314619                    /home/lilong/.m2/repository/io/undertow/undertow-websockets-jsr/1.4.11.Final/undertow-websockets-jsr-1.4.11.Final.jar
7f12bb4e5000-7f12bb4e6000 r--s 00004000 08:52 1314540                    /home/lilong/.m2/repository/org/jboss/spec/javax/annotation/jboss-annotations-api_1.2_spec/1.0.0.Final/jboss-annotations-api_1.2_spec-1.0.0.Final.jar
7f12bb4e6000-7f12bb4ef000 r--s 00074000 08:52 1314624                    /home/lilong/.m2/repository/io/undertow/undertow-servlet/1.4.11.Final/undertow-servlet-1.4.11.Final.jar
7f12bb4ef000-7f12bb4f2000 r--s 0001a000 08:52 1314611                    /home/lilong/.m2/repository/org/jboss/xnio/xnio-nio/3.3.6.Final/xnio-nio-3.3.6.Final.jar
7f12bb4f2000-7f12bb4fb000 r--s 00076000 08:52 1314616                    /home/lilong/.m2/repository/org/jboss/xnio/xnio-api/3.3.6.Final/xnio-api-3.3.6.Final.jar
7f12bb4fb000-7f12bb4fd000 r--s 0000f000 08:52 1186745                    /home/lilong/.m2/repository/org/jboss/logging/jboss-logging/3.3.0.Final/jboss-logging-3.3.0.Final.jar
7f12bb4fd000-7f12bb523000 r--s 001dc000 08:52 1314621                    /home/lilong/.m2/repository/io/undertow/undertow-core/1.4.11.Final/undertow-core-1.4.11.Final.jar
7f12bb523000-7f12bb524000 r--s 00000000 08:52 1314597                    /home/lilong/.m2/repository/org/springframework/boot/spring-boot-starter-undertow/1.5.2.RELEASE/spring-boot-starter-undertow-1.5.2.RELEASE.jar
7f12bb524000-7f12bb535000 r--s 000b7000 08:52 393378                     /home/lilong/.m2/repository/org/springframework/spring-web/4.3.7.RELEASE/spring-web-4.3.7.RELEASE.jar
7f12bb535000-7f12bb537000 r--s 00014000 08:52 2111772                    /home/lilong/.m2/repository/com/lexue/tools/common-module/0.0.1-SNAPSHOT/common-module-0.0.1-20170828.061059-6.jar
7f12bb537000-7f12bb53a000 r--s 00042000 08:52 1842473                    /home/lilong/.m2/repository/com/fasterxml/jackson/core/jackson-core/2.8.7/jackson-core-2.8.7.jar
7f12bb53a000-7f12bb53d000 r--s 0000b000 08:52 1845148                    /home/lilong/.m2/repository/com/fasterxml/jackson/core/jackson-annotations/2.8.0/jackson-annotations-2.8.0.jar
7f12bb53d000-7f12bb54f000 r--s 0011d000 08:52 1842480                    /home/lilong/.m2/repository/com/fasterxml/jackson/core/jackson-databind/2.8.7/jackson-databind-2.8.7.jar
7f12bb54f000-7f12bb550000 r--s 00001000 08:52 1979591                    /home/lilong/.m2/repository/com/lexue/base/base-common-module/0.0.1-SNAPSHOT/base-common-module-0.0.1-20170710.020541-5.jar
7f12bb550000-7f12bb551000 r--s 00005000 08:52 1845341                    /home/lilong/.m2/repository/com/lexue/base/base-manager-inf/0.0.1-SNAPSHOT/base-manager-inf-0.0.1-20170708.100124-13.jar
7f12bb551000-7f12bb553000 r--s 00009000 08:52 1186838                    /home/lilong/.m2/repository/org/slf4j/slf4j-api/1.7.24/slf4j-api-1.7.24.jar
7f12bb553000-7f12bb556000 r--s 0001f000 08:52 393461                     /home/lilong/.m2/repository/com/zaxxer/HikariCP/2.5.1/HikariCP-2.5.1.jar
7f12bb556000-7f12bb558000 r--s 00009000 08:52 926612                     /home/lilong/.m2/repository/org/hamcrest/hamcrest-core/1.3/hamcrest-core-1.3.jar
7f12bb558000-7f12bb560000 r--s 00045000 08:52 926610                     /home/lilong/.m2/repository/junit/junit/4.12/junit-4.12.jar
7f12bb560000-7f12bb565000 r--s 00040000 08:52 6839644                    /home/lilong/.m2/repository/commons-httpclient/commons-httpclient/3.0.1/commons-httpclient-3.0.1.jar
7f12bb565000-7f12bb567000 r--s 00023000 08:52 925777                     /home/lilong/.m2/repository/org/jdom/jdom/1.1.3/jdom-1.1.3.jar
7f12bb567000-7f12bb5ab000 r--s 00256000 08:52 1843580                    /home/lilong/.m2/repository/com/alipay/alipay-sdk/20160315220053/alipay-sdk-20160315220053.jar
7f12bb5ab000-7f12bb5b9000 r--s 000ad000 08:52 1186760                    /home/lilong/.m2/repository/org/springframework/spring-beans/4.3.7.RELEASE/spring-beans-4.3.7.RELEASE.jar
7f12bb5b9000-7f12bb5be000 r--s 00029000 08:52 6837469                    /home/lilong/.m2/repository/org/springframework/spring-context-support/4.3.7.RELEASE/spring-context-support-4.3.7.RELEASE.jar
7f12bb5be000-7f12bb5c9000 r--s 0008a000 08:52 1314605                    /home/lilong/.m2/repository/c3p0/c3p0/0.9.1.1/c3p0-0.9.1.1.jar
7f12bb5c9000-7f12bb5d3000 r--s 00098000 08:52 6837517                    /home/lilong/.m2/repository/org/quartz-scheduler/quartz/2.2.1/quartz-2.2.1.jar
7f12bb5d3000-7f12bb5da000 r--s 00048000 08:52 393496                     /home/lilong/.m2/repository/com/github/jsqlparser/jsqlparser/0.9.5/jsqlparser-0.9.5.jar
7f12bb5da000-7f12bb5dc000 r--s 0000e000 08:52 393494                     /home/lilong/.m2/repository/com/github/pagehelper/pagehelper/5.0.0/pagehelper-5.0.0.jar
7f12bb5dc000-7f12bb5de000 r--s 0000c000 08:52 1445614                    /home/lilong/.m2/repository/org/mybatis/mybatis-spring/1.3.1/mybatis-spring-1.3.1.jar
7f12bb5de000-7f12bb5f7000 r--s 0016e000 08:52 1445613                    /home/lilong/.m2/repository/org/mybatis/mybatis/3.4.4/mybatis-3.4.4.jar
7f12bb5f7000-7f12bb5f8000 r--s 00003000 08:52 1445612                    /home/lilong/.m2/repository/org/mybatis/spring/boot/mybatis-spring-boot-autoconfigure/1.3.0/mybatis-spring-boot-autoconfigure-1.3.0.jar
7f12bb5f8000-7f12bb602000 r--s 0005f000 08:52 1445607                    /home/lilong/.m2/repository/org/springframework/spring-jdbc/4.3.7.RELEASE/spring-jdbc-4.3.7.RELEASE.jar
7f12bb602000-7f12bb604000 r--s 00009000 08:52 1445606                    /home/lilong/.m2/repository/org/apache/tomcat/tomcat-juli/8.5.11/tomcat-juli-8.5.11.jar
7f12bb604000-7f12bb607000 r--s 00020000 08:52 1445605                    /home/lilong/.m2/repository/org/apache/tomcat/tomcat-jdbc/8.5.11/tomcat-jdbc-8.5.11.jar
7f12bb607000-7f12bb608000 r--s 00000000 08:52 1445604                    /home/lilong/.m2/repository/org/springframework/boot/spring-boot-starter-jdbc/1.5.2.RELEASE/spring-boot-starter-jdbc-1.5.2.RELEASE.jar
7f12bb608000-7f12bb609000 r--s 00000000 08:52 1445597                    /home/lilong/.m2/repository/org/mybatis/spring/boot/mybatis-spring-boot-starter/1.3.0/mybatis-spring-boot-starter-1.3.0.jar
7f12bb609000-7f12bb634000 r--s 001fc000 08:52 1845102                    /home/lilong/.m2/repository/com/google/guava/guava/18.0/guava-18.0.jar
7f12bb634000-7f12bb63b000 r--s 0006b000 08:52 1842506                    /home/lilong/.m2/repository/com/alibaba/fastjson/1.2.31/fastjson-1.2.31.jar
7f12bb63b000-7f12bb63d000 r--s 00007000 08:52 1842504                    /home/lilong/.m2/repository/com/fasterxml/jackson/module/jackson-module-jaxb-annotations/2.8.7/jackson-module-jaxb-annotations-2.8.7.jar
7f12bb63d000-7f12bb63e000 r--s 00003000 08:52 1842502                    /home/lilong/.m2/repository/com/fasterxml/jackson/jaxrs/jackson-jaxrs-json-provider/2.8.7/jackson-jaxrs-json-provider-2.8.7.jar
7f12bb63e000-7f12bb63f000 r--s 00007000 08:52 1842501                    /home/lilong/.m2/repository/com/fasterxml/jackson/jaxrs/jackson-jaxrs-base/2.8.7/jackson-jaxrs-base-2.8.7.jar
7f12bb63f000-7f12bb642000 r--s 0000f000 08:52 1314595                    /home/lilong/.m2/repository/org/glassfish/jersey/ext/jersey-entity-filtering/2.25.1/jersey-entity-filtering-2.25.1.jar
7f12bb642000-7f12bb644000 r--s 00004000 08:52 1314586                    /home/lilong/.m2/repository/org/glassfish/jersey/media/jersey-media-json-jackson/2.25.1/jersey-media-json-jackson-2.25.1.jar
7f12bb644000-7f12bb646000 r--s 00002000 08:52 1314568                    /home/lilong/.m2/repository/org/glassfish/hk2/spring-bridge/2.5.0-b32/spring-bridge-2.5.0-b32.jar
7f12bb646000-7f12bb651000 r--s 000c1000 08:52 1314570                    /home/lilong/.m2/repository/org/glassfish/hk2/external/asm-all-repackaged/2.5.0-b32/asm-all-repackaged-2.5.0-b32.jar
7f12bb651000-7f12bb654000 r--s 00013000 08:52 1314588                    /home/lilong/.m2/repository/org/glassfish/hk2/class-model/2.5.0-b32/class-model-2.5.0-b32.jar
7f12bb654000-7f12bb657000 r--s 0000c000 08:52 1314556                    /home/lilong/.m2/repository/org/glassfish/hk2/hk2-runlevel/2.5.0-b32/hk2-runlevel-2.5.0-b32.jar
7f12bb657000-7f12bb65c000 r--s 0002e000 08:52 1314585                    /home/lilong/.m2/repository/org/glassfish/hk2/hk2-config/2.5.0-b32/hk2-config-2.5.0-b32.jar
7f12bb65c000-7f12bb65f000 r--s 0001a000 08:52 1314583                    /home/lilong/.m2/repository/org/glassfish/hk2/hk2-core/2.5.0-b32/hk2-core-2.5.0-b32.jar
7f12bb65f000-7f12bb660000 r--s 00002000 08:52 1314554                    /home/lilong/.m2/repository/org/glassfish/hk2/config-types/2.5.0-b32/config-types-2.5.0-b32.jar
7f12bb660000-7f12bb661000 r--s 00000000 08:52 1314547                    /home/lilong/.m2/repository/org/glassfish/hk2/hk2/2.5.0-b32/hk2-2.5.0-b32.jar
7f12bb661000-7f12bb663000 r--s 00004000 08:52 1314549                    /home/lilong/.m2/repository/org/glassfish/jersey/ext/jersey-spring3/2.25.1/jersey-spring3-2.25.1.jar
7f12bb663000-7f12bb665000 r--s 00008000 08:52 1314560                    /home/lilong/.m2/repository/org/glassfish/jersey/ext/jersey-bean-validation/2.25.1/jersey-bean-validation-2.25.1.jar
7f12bb665000-7f12bb667000 r--s 00003000 08:52 1314546                    /home/lilong/.m2/repository/org/glassfish/jersey/containers/jersey-container-servlet/2.25.1/jersey-container-servlet-2.25.1.jar
7f12bb667000-7f12bb66a000 r--s 0000e000 08:52 1314571                    /home/lilong/.m2/repository/org/glassfish/jersey/containers/jersey-container-servlet-core/2.25.1/jersey-container-servlet-core-2.25.1.jar
7f12bb66a000-7f12bb674000 r--s 000aa000 08:52 1314555                    /home/lilong/.m2/repository/org/javassist/javassist/3.21.0-GA/javassist-3.21.0-GA.jar
7f12bb674000-7f12bb677000 r--s 0002b000 08:52 1314579                    /home/lilong/.m2/repository/org/glassfish/hk2/hk2-locator/2.5.0-b32/hk2-locator-2.5.0-b32.jar
7f12bb677000-7f12bb678000 r--s 00001000 08:52 1314575                    /home/lilong/.m2/repository/org/glassfish/hk2/external/javax.inject/2.5.0-b32/javax.inject-2.5.0-b32.jar
7f12bb678000-7f12bb67a000 r--s 00002000 08:52 1314537                    /home/lilong/.m2/repository/org/glassfish/hk2/external/aopalliance-repackaged/2.5.0-b32/aopalliance-repackaged-2.5.0-b32.jar
7f12bb67a000-7f12bb67d000 r--s 0001e000 08:52 1314572                    /home/lilong/.m2/repository/org/glassfish/hk2/hk2-utils/2.5.0-b32/hk2-utils-2.5.0-b32.jar
7f12bb67d000-7f12bb683000 r--s 00028000 08:52 1314542                    /home/lilong/.m2/repository/org/glassfish/hk2/hk2-api/2.5.0-b32/hk2-api-2.5.0-b32.jar
7f12bb683000-7f12bb685000 r--s 00005000 08:52 1314553                    /home/lilong/.m2/repository/javax/annotation/javax.annotation-api/1.2/javax.annotation-api-1.2.jar
7f12bb685000-7f12bb687000 r--s 00010000 08:52 1314536                    /home/lilong/.m2/repository/org/glassfish/jersey/media/jersey-media-jaxb/2.25.1/jersey-media-jaxb-2.25.1.jar
7f12bb687000-7f12bb68b000 r--s 00019000 08:52 7085755                    /home/lilong/.m2/repository/javax/ws/rs/javax.ws.rs-api/2.0.1/javax.ws.rs-api-2.0.1.jar
7f12bb68b000-7f12bb68f000 r--s 00026000 08:52 1314550                    /home/lilong/.m2/repository/org/glassfish/jersey/core/jersey-client/2.25.1/jersey-client-2.25.1.jar
7f12bb68f000-7f12bb690000 r--s 00004000 08:52 1314545                    /home/lilong/.m2/repository/org/glassfish/hk2/osgi-resource-locator/1.0.1/osgi-resource-locator-1.0.1.jar
7f12bb690000-7f12bb6a8000 r--s 000d6000 08:52 1314539                    /home/lilong/.m2/repository/org/glassfish/jersey/bundles/repackaged/jersey-guava/2.25.1/jersey-guava-2.25.1.jar
7f12bb6a8000-7f12bb6b6000 r--s 000a1000 08:52 1314590                    /home/lilong/.m2/repository/org/glassfish/jersey/core/jersey-common/2.25.1/jersey-common-2.25.1.jar
7f12bb6b6000-7f12bb6cb000 r--s 000d1000 08:52 1314577                    /home/lilong/.m2/repository/org/glassfish/jersey/core/jersey-server/2.25.1/jersey-server-2.25.1.jar
7f12bb6cb000-7f12bb6cc000 r--s 00000000 08:52 1314639                    /home/lilong/.m2/repository/org/springframework/boot/spring-boot-starter-validation/1.5.2.RELEASE/spring-boot-starter-validation-1.5.2.RELEASE.jar
7f12bb6cc000-7f12bb6d4000 r--s 00048000 08:52 1312877                    /home/lilong/.m2/repository/org/apache/httpcomponents/httpcore/4.4.6/httpcore-4.4.6.jar
7f12bb6d4000-7f12bb6e1000 r--s 000aa000 08:52 1312920                    /home/lilong/.m2/repository/org/apache/httpcomponents/httpclient/4.5.3/httpclient-4.5.3.jar
7f12bb6e1000-7f12bb6ee000 r--s 00083000 08:52 926578                     /home/lilong/.m2/repository/commons-collections/commons-collections/3.2.2/commons-collections-3.2.2.jar
7f12bb6ee000-7f12bb6f0000 r--s 0000b000 08:52 1314527                    /home/lilong/.m2/repository/commons-fileupload/commons-fileupload/1.2/commons-fileupload-1.2.jar
7f12bb6f0000-7f12bb6f5000 r--s 00038000 08:52 1314525                    /home/lilong/.m2/repository/commons-beanutils/commons-beanutils/1.9.3/commons-beanutils-1.9.3.jar
7f12bb6f5000-7f12bb6f6000 ---p 00000000 00:00 0 
7f12bb6f6000-7f12bb7f6000 rw-p 00000000 00:00 0 
7f12bb7f6000-7f12bb7f9000 ---p 00000000 00:00 0 
7f12bb7f9000-7f12bb8f7000 rw-p 00000000 00:00 0 
7f12bb8f7000-7f12bb8fa000 ---p 00000000 00:00 0 
7f12bb8fa000-7f12bb9f8000 rw-p 00000000 00:00 0 
7f12bb9f8000-7f12bb9fb000 ---p 00000000 00:00 0 
7f12bb9fb000-7f12bbaf9000 rw-p 00000000 00:00 0 
7f12bbaf9000-7f12bbafc000 ---p 00000000 00:00 0 
7f12bbafc000-7f12bbbfa000 rw-p 00000000 00:00 0 
7f12bbbfa000-7f12bbbfd000 ---p 00000000 00:00 0 
7f12bbbfd000-7f12bbcfb000 rw-p 00000000 00:00 0 
7f12bbcfb000-7f12bbcfe000 ---p 00000000 00:00 0 
7f12bbcfe000-7f12bbdfc000 rw-p 00000000 00:00 0 
7f12bbdfc000-7f12bbe00000 r-xp 00000000 08:52 6820499                    /usr/local/java/jre/lib/amd64/libdt_socket.so
7f12bbe00000-7f12bbfff000 ---p 00004000 08:52 6820499                    /usr/local/java/jre/lib/amd64/libdt_socket.so
7f12bbfff000-7f12bc000000 rw-p 00003000 08:52 6820499                    /usr/local/java/jre/lib/amd64/libdt_socket.so
7f12bc000000-7f12bc021000 rw-p 00000000 00:00 0 
7f12bc021000-7f12c0000000 ---p 00000000 00:00 0 
7f12c0000000-7f12c0005000 r--s 00041000 08:52 6953462                    /home/lilong/.m2/repository/commons-lang/commons-lang/2.6/commons-lang-2.6.jar
7f12c0005000-7f12c000c000 r--s 0003f000 08:52 1312879                    /home/lilong/.m2/repository/commons-codec/commons-codec/1.10/commons-codec-1.10.jar
7f12c000c000-7f12c000e000 r--s 0000e000 08:52 6837525                    /home/lilong/.m2/repository/commons-logging/commons-logging/1.2/commons-logging-1.2.jar
7f12c000e000-7f12c0011000 r--s 0000e000 08:52 6837520                    /home/lilong/.m2/repository/commons-io/commons-io/1.2/commons-io-1.2.jar
7f12c0011000-7f12c0013000 r--s 00006000 08:52 4064386                    /home/lilong/.m2/repository/com/lexue/push/push-common-module/0.0.1-SNAPSHOT/push-common-module-0.0.1-20170821.084749-2.jar
7f12c0013000-7f12c001b000 r--s 00054000 08:52 1845105                    /home/lilong/.m2/repository/com/aliyun/oss/aliyun-sdk-oss/2.2.3/aliyun-sdk-oss-2.2.3.jar
7f12c001b000-7f12c001e000 r--s 00013000 08:52 6837516                    /home/lilong/.m2/repository/net/sf/ezmorph/ezmorph/1.0.6/ezmorph-1.0.6.jar
7f12c001e000-7f12c0021000 r--s 00024000 08:52 6837514                    /home/lilong/.m2/repository/net/sf/json-lib/json-lib/2.4/json-lib-2.4-jdk15.jar
7f12c0021000-7f12c0034000 r--s 00345000 08:52 6820682                    /usr/local/java/jre/lib/resources.jar
7f12c0034000-7f12c0047000 r--s 000d6000 08:52 6820681                    /usr/local/java/jre/lib/plugin.jar
7f12c0047000-7f12c004c000 r--s 0009a000 08:52 6820402                    /usr/local/java/jre/lib/jsse.jar
7f12c004c000-7f12c004f000 ---p 00000000 00:00 0 
7f12c004f000-7f12c014d000 rw-p 00000000 00:00 0 
7f12c014d000-7f12c0150000 ---p 00000000 00:00 0 
7f12c0150000-7f12c024e000 rw-p 00000000 00:00 0 
7f12c024e000-7f12c0251000 ---p 00000000 00:00 0 
7f12c0251000-7f12c034f000 rw-p 00000000 00:00 0 
7f12c034f000-7f12c0352000 ---p 00000000 00:00 0 
7f12c0352000-7f12c0450000 rw-p 00000000 00:00 0 
7f12c0450000-7f12c0451000 ---p 00000000 00:00 0 
7f12c0451000-7f12c1000000 rw-p 00000000 00:00 0 
7f12c1000000-7f12c2660000 rwxp 00000000 00:00 0 
7f12c2660000-7f12d0000000 ---p 00000000 00:00 0 
7f12d0000000-7f12d24a5000 rw-p 00000000 00:00 0 
7f12d24a5000-7f12d4000000 ---p 00000000 00:00 0 
7f12d4000000-7f12d4002000 r--s 00003000 08:52 2111770                    /home/lilong/.m2/repository/com/lexue/push/push-manager-inf/0.0.1-SNAPSHOT/push-manager-inf-0.0.1-20170828.063434-5.jar
7f12d4002000-7f12d4007000 r--s 00084000 08:52 6820557                    /usr/local/java/jre/lib/jfr.jar
7f12d4007000-7f12d455b000 rw-p 00000000 00:00 0 
7f12d455b000-7f12d4735000 r--s 03d4d000 08:52 6820450                    /usr/local/java/jre/lib/rt.jar
7f12d4735000-7f12d5580000 rw-p 00000000 00:00 0 
7f12d5580000-7f12d5581000 ---p 00000000 00:00 0 
7f12d5581000-7f12d5681000 rw-p 00000000 00:00 0 
7f12d5681000-7f12d5682000 ---p 00000000 00:00 0 
7f12d5682000-7f12d5782000 rw-p 00000000 00:00 0 
7f12d5782000-7f12d5783000 ---p 00000000 00:00 0 
7f12d5783000-7f12d5883000 rw-p 00000000 00:00 0 
7f12d5883000-7f12d5884000 ---p 00000000 00:00 0 
7f12d5884000-7f12d59bf000 rw-p 00000000 00:00 0 
7f12d59bf000-7f12d5d68000 ---p 00000000 00:00 0 
7f12d5d68000-7f12d5da3000 rw-p 00000000 00:00 0 
7f12d5da3000-7f12d614b000 ---p 00000000 00:00 0 
7f12d614b000-7f12d62f3000 rw-p 00000000 00:00 0 
7f12d62f3000-7f12d633d000 ---p 00000000 00:00 0 
7f12d633d000-7f12d6398000 rw-p 00000000 00:00 0 
7f12d6398000-7f12d66fe000 ---p 00000000 00:00 0 
7f12d66fe000-7f12d6718000 r-xp 00000000 08:52 6820481                    /usr/local/java/jre/lib/amd64/libzip.so
7f12d6718000-7f12d6918000 ---p 0001a000 08:52 6820481                    /usr/local/java/jre/lib/amd64/libzip.so
7f12d6918000-7f12d6919000 rw-p 0001a000 08:52 6820481                    /usr/local/java/jre/lib/amd64/libzip.so
7f12d6919000-7f12d6923000 r-xp 00000000 08:52 1182212                    /lib/x86_64-linux-gnu/libnss_files-2.24.so
7f12d6923000-7f12d6b23000 ---p 0000a000 08:52 1182212                    /lib/x86_64-linux-gnu/libnss_files-2.24.so
7f12d6b23000-7f12d6b24000 r--p 0000a000 08:52 1182212                    /lib/x86_64-linux-gnu/libnss_files-2.24.so
7f12d6b24000-7f12d6b25000 rw-p 0000b000 08:52 1182212                    /lib/x86_64-linux-gnu/libnss_files-2.24.so
7f12d6b25000-7f12d6b2b000 rw-p 00000000 00:00 0 
7f12d6b2b000-7f12d6b36000 r-xp 00000000 08:52 1182216                    /lib/x86_64-linux-gnu/libnss_nis-2.24.so
7f12d6b36000-7f12d6d35000 ---p 0000b000 08:52 1182216                    /lib/x86_64-linux-gnu/libnss_nis-2.24.so
7f12d6d35000-7f12d6d36000 r--p 0000a000 08:52 1182216                    /lib/x86_64-linux-gnu/libnss_nis-2.24.so
7f12d6d36000-7f12d6d37000 rw-p 0000b000 08:52 1182216                    /lib/x86_64-linux-gnu/libnss_nis-2.24.so
7f12d6d37000-7f12d6d4b000 r-xp 00000000 08:52 1182206                    /lib/x86_64-linux-gnu/libnsl-2.24.so
7f12d6d4b000-7f12d6f4b000 ---p 00014000 08:52 1182206                    /lib/x86_64-linux-gnu/libnsl-2.24.so
7f12d6f4b000-7f12d6f4c000 r--p 00014000 08:52 1182206                    /lib/x86_64-linux-gnu/libnsl-2.24.so
7f12d6f4c000-7f12d6f4d000 rw-p 00015000 08:52 1182206                    /lib/x86_64-linux-gnu/libnsl-2.24.so
7f12d6f4d000-7f12d6f4f000 rw-p 00000000 00:00 0 
7f12d6f4f000-7f12d6f56000 r-xp 00000000 08:52 1182208                    /lib/x86_64-linux-gnu/libnss_compat-2.24.so
7f12d6f56000-7f12d7155000 ---p 00007000 08:52 1182208                    /lib/x86_64-linux-gnu/libnss_compat-2.24.so
7f12d7155000-7f12d7156000 r--p 00006000 08:52 1182208                    /lib/x86_64-linux-gnu/libnss_compat-2.24.so
7f12d7156000-7f12d7157000 rw-p 00007000 08:52 1182208                    /lib/x86_64-linux-gnu/libnss_compat-2.24.so
7f12d7157000-7f12d74a2000 r--p 00000000 08:52 1573931                    /usr/lib/locale/locale-archive
7f12d74a2000-7f12d74a4000 r-xp 00000000 08:52 6820489                    /usr/local/java/jre/lib/amd64/libnpt.so
7f12d74a4000-7f12d76a4000 ---p 00002000 08:52 6820489                    /usr/local/java/jre/lib/amd64/libnpt.so
7f12d76a4000-7f12d76a5000 rw-p 00002000 08:52 6820489                    /usr/local/java/jre/lib/amd64/libnpt.so
7f12d76a5000-7f12d76de000 r-xp 00000000 08:52 6820455                    /usr/local/java/jre/lib/amd64/libjdwp.so
7f12d76de000-7f12d78de000 ---p 00039000 08:52 6820455                    /usr/local/java/jre/lib/amd64/libjdwp.so
7f12d78de000-7f12d78df000 rw-p 00039000 08:52 6820455                    /usr/local/java/jre/lib/amd64/libjdwp.so
7f12d78df000-7f12d78e0000 rw-p 00000000 00:00 0 
7f12d78e0000-7f12d790b000 r-xp 00000000 08:52 6820508                    /usr/local/java/jre/lib/amd64/libjava.so
7f12d790b000-7f12d7b0a000 ---p 0002b000 08:52 6820508                    /usr/local/java/jre/lib/amd64/libjava.so
7f12d7b0a000-7f12d7b0c000 rw-p 0002a000 08:52 6820508                    /usr/local/java/jre/lib/amd64/libjava.so
7f12d7b0c000-7f12d7b19000 r-xp 00000000 08:52 6820459                    /usr/local/java/jre/lib/amd64/libverify.so
7f12d7b19000-7f12d7d19000 ---p 0000d000 08:52 6820459                    /usr/local/java/jre/lib/amd64/libverify.so
7f12d7d19000-7f12d7d1b000 rw-p 0000d000 08:52 6820459                    /usr/local/java/jre/lib/amd64/libverify.so
7f12d7d1b000-7f12d7d22000 r-xp 00000000 08:52 1182265                    /lib/x86_64-linux-gnu/librt-2.24.so
7f12d7d22000-7f12d7f21000 ---p 00007000 08:52 1182265                    /lib/x86_64-linux-gnu/librt-2.24.so
7f12d7f21000-7f12d7f22000 r--p 00006000 08:52 1182265                    /lib/x86_64-linux-gnu/librt-2.24.so
7f12d7f22000-7f12d7f23000 rw-p 00007000 08:52 1182265                    /lib/x86_64-linux-gnu/librt-2.24.so
7f12d7f23000-7f12d8026000 r-xp 00000000 08:52 1182189                    /lib/x86_64-linux-gnu/libm-2.24.so
7f12d8026000-7f12d8225000 ---p 00103000 08:52 1182189                    /lib/x86_64-linux-gnu/libm-2.24.so
7f12d8225000-7f12d8226000 r--p 00102000 08:52 1182189                    /lib/x86_64-linux-gnu/libm-2.24.so
7f12d8226000-7f12d8227000 rw-p 00103000 08:52 1182189                    /lib/x86_64-linux-gnu/libm-2.24.so
7f12d8227000-7f12d8efa000 r-xp 00000000 08:52 6820512                    /usr/local/java/jre/lib/amd64/server/libjvm.so
7f12d8efa000-7f12d90f9000 ---p 00cd3000 08:52 6820512                    /usr/local/java/jre/lib/amd64/server/libjvm.so
7f12d90f9000-7f12d91d3000 rw-p 00cd2000 08:52 6820512                    /usr/local/java/jre/lib/amd64/server/libjvm.so
7f12d91d3000-7f12d921e000 rw-p 00000000 00:00 0 
7f12d921e000-7f12d93b3000 r-xp 00000000 08:52 1182117                    /lib/x86_64-linux-gnu/libc-2.24.so
7f12d93b3000-7f12d95b2000 ---p 00195000 08:52 1182117                    /lib/x86_64-linux-gnu/libc-2.24.so
7f12d95b2000-7f12d95b6000 r--p 00194000 08:52 1182117                    /lib/x86_64-linux-gnu/libc-2.24.so
7f12d95b6000-7f12d95b8000 rw-p 00198000 08:52 1182117                    /lib/x86_64-linux-gnu/libc-2.24.so
7f12d95b8000-7f12d95bc000 rw-p 00000000 00:00 0 
7f12d95bc000-7f12d95be000 r-xp 00000000 08:52 1182140                    /lib/x86_64-linux-gnu/libdl-2.24.so
7f12d95be000-7f12d97be000 ---p 00002000 08:52 1182140                    /lib/x86_64-linux-gnu/libdl-2.24.so
7f12d97be000-7f12d97bf000 r--p 00002000 08:52 1182140                    /lib/x86_64-linux-gnu/libdl-2.24.so
7f12d97bf000-7f12d97c0000 rw-p 00003000 08:52 1182140                    /lib/x86_64-linux-gnu/libdl-2.24.so
7f12d97c0000-7f12d97d5000 r-xp 00000000 08:52 6819593                    /usr/local/java/lib/amd64/jli/libjli.so
7f12d97d5000-7f12d99d5000 ---p 00015000 08:52 6819593                    /usr/local/java/lib/amd64/jli/libjli.so
7f12d99d5000-7f12d99d6000 rw-p 00015000 08:52 6819593                    /usr/local/java/lib/amd64/jli/libjli.so
7f12d99d6000-7f12d99ee000 r-xp 00000000 08:52 1182255                    /lib/x86_64-linux-gnu/libpthread-2.24.so
7f12d99ee000-7f12d9bed000 ---p 00018000 08:52 1182255                    /lib/x86_64-linux-gnu/libpthread-2.24.so
7f12d9bed000-7f12d9bee000 r--p 00017000 08:52 1182255                    /lib/x86_64-linux-gnu/libpthread-2.24.so
7f12d9bee000-7f12d9bef000 rw-p 00018000 08:52 1182255                    /lib/x86_64-linux-gnu/libpthread-2.24.so
7f12d9bef000-7f12d9bf3000 rw-p 00000000 00:00 0 
7f12d9bf3000-7f12d9c16000 r-xp 00000000 08:52 1182091                    /lib/x86_64-linux-gnu/ld-2.24.so
7f12d9c16000-7f12d9c17000 r--s 00000000 08:52 1314523                    /home/lilong/.m2/repository/org/springframework/boot/spring-boot-starter-jersey/1.5.2.RELEASE/spring-boot-starter-jersey-1.5.2.RELEASE.jar
7f12d9c17000-7f12d9c32000 r--s 0020b000 08:52 6820566                    /usr/local/java/jre/lib/deploy.jar
7f12d9c32000-7f12d9cf0000 rw-p 00000000 00:00 0 
7f12d9cf0000-7f12d9cf3000 ---p 00000000 00:00 0 
7f12d9cf3000-7f12d9df3000 rw-p 00000000 00:00 0 
7f12d9df3000-7f12d9df4000 r--s 00000000 08:52 6820529                    /usr/local/java/jre/lib/management-agent.jar
7f12d9df4000-7f12d9df6000 r--s 00007000 08:52 6820523                    /usr/local/java/jre/lib/jfxswt.jar
7f12d9df6000-7f12d9df9000 r--s 0001a000 08:52 6820712                    /usr/local/java/jre/lib/jce.jar
7f12d9df9000-7f12d9e03000 r--s 0006c000 08:52 6820565                    /usr/local/java/jre/lib/javaws.jar
7f12d9e03000-7f12d9e08000 r--s 002f9000 08:52 6820403                    /usr/local/java/jre/lib/charsets.jar
7f12d9e08000-7f12d9e10000 rw-s 00000000 08:52 921429                     /tmp/hsperfdata_lilong/25352
7f12d9e10000-7f12d9e11000 rw-p 00000000 00:00 0 
7f12d9e11000-7f12d9e12000 ---p 00000000 00:00 0 
7f12d9e12000-7f12d9e15000 rw-p 00000000 00:00 0 
7f12d9e15000-7f12d9e16000 r--p 00022000 08:52 1182091                    /lib/x86_64-linux-gnu/ld-2.24.so
7f12d9e16000-7f12d9e17000 rw-p 00023000 08:52 1182091                    /lib/x86_64-linux-gnu/ld-2.24.so
7f12d9e17000-7f12d9e18000 rw-p 00000000 00:00 0 
7ffcc68d9000-7ffcc6900000 rw-p 00000000 00:00 0                          [stack]
7ffcc6911000-7ffcc6913000 r--p 00000000 00:00 0                          [vvar]
7ffcc6913000-7ffcc6915000 r-xp 00000000 00:00 0                          [vdso]
ffffffffff600000-ffffffffff601000 r-xp 00000000 00:00 0                  [vsyscall]

VM Arguments:
jvm_args: -agentlib:jdwp=transport=dt_socket,address=127.0.0.1:42393,suspend=y,server=n -Dfile.encoding=UTF-8 -Dawt.useSystemAAFontSettings=gasp 
java_command: com.lexue.service.VideoBaseService
java_class_path (initial): /usr/local/java/jre/lib/charsets.jar:/usr/local/java/jre/lib/deploy.jar:/usr/local/java/jre/lib/ext/cldrdata.jar:/usr/local/java/jre/lib/ext/dnsns.jar:/usr/local/java/jre/lib/ext/jaccess.jar:/usr/local/java/jre/lib/ext/jfxrt.jar:/usr/local/java/jre/lib/ext/localedata.jar:/usr/local/java/jre/lib/ext/nashorn.jar:/usr/local/java/jre/lib/ext/sunec.jar:/usr/local/java/jre/lib/ext/sunjce_provider.jar:/usr/local/java/jre/lib/ext/sunpkcs11.jar:/usr/local/java/jre/lib/ext/zipfs.jar:/usr/local/java/jre/lib/javaws.jar:/usr/local/java/jre/lib/jce.jar:/usr/local/java/jre/lib/jfr.jar:/usr/local/java/jre/lib/jfxswt.jar:/usr/local/java/jre/lib/jsse.jar:/usr/local/java/jre/lib/management-agent.jar:/usr/local/java/jre/lib/plugin.jar:/usr/local/java/jre/lib/resources.jar:/usr/local/java/jre/lib/rt.jar:/home/lilong/work/spring-system/base-sso/cms-service/target/classes:/home/lilong/work/spring-system/base-api/target/classes:/home/lilong/.m2/repository/net/sf/json-lib/json-lib/2.4/json-lib-2.4-jdk15.jar:/home/lilong/.m2/repository/net/sf/ezmorph/ezmorph/1.0.6/ezmorph-1.0.6.jar:/home/lilong/.m2/repository/com/aliyun/oss/aliyun-sdk-oss/2.2.3/aliyun-sdk-oss-2.2.3.jar:/home/lilong/.m2/repository/com/lexue/push/push-manager-inf/0.0.1-SNAPSHOT/push-manager-inf-0.0.1-20170828.063434-5.jar:/home/lilong/.m2/repository/com/lexue/push/push-common-module/0.0.1-SNAPSHOT/push-common-module-0.0.1-20170821.084749-2.jar:/home/lilong/.m2/repository/commons-io/commons-io/1.2/commons-io-1.2.jar:/home/lilong/.m2/repository/commons-logging/commons-logging/1.2/commons-logging-1.2.jar:/home/lilong/.m2/repository/commons-codec/commons-codec/1.10/commons-codec-1.10.jar:/home/lilong/.m2/repository/commons-lang/commons-lang/2.6/commons-lang-2.6.jar:/home/lilong/.m2/repository/commons-beanutils/commons-beanutils/1.9.3/commons-beanutils-1.9.3.jar:/home/lilong/.m2/repository/commons-fileupload/commons-fileupload/1.2/commons-fileupload-1.2.jar:/home/lilong/.m2/repository/commons-collection
Launcher Type: SUN_STANDARD

Environment Variables:
JAVA_HOME=/usr/local/java
JRE_HOME=/usr/local/java/jre
_JAVA_OPTIONS=  -Dawt.useSystemAAFontSettings=gasp
CLASSPATH=/opt/idea/lib/bootstrap.jar:/opt/idea/lib/extensions.jar:/opt/idea/lib/util.jar:/opt/idea/lib/jdom.jar:/opt/idea/lib/log4j.jar:/opt/idea/lib/trove4j.jar:/opt/idea/lib/jna.jar:/usr/local/java/lib/tools.jar
PATH=/usr/local/java/bin:/usr/local/java/jre/bin:/usr/local/node/bin:/usr/local/bin:/usr/bin:/bin:/usr/local/games:/usr/games:/home/lilong/apache-maven-3.5.0/bin:/usr/local/mongodb/bin:/home/lilong/bin
LD_LIBRARY_PATH=/opt/idea/bin:
SHELL=/bin/bash
DISPLAY=:0

Signal Handlers:
SIGSEGV: [libjvm.so+0xacba10], sa_mask[0]=11111111011111111101111111111110, sa_flags=SA_RESTART|SA_SIGINFO
SIGBUS: [libjvm.so+0xacba10], sa_mask[0]=11111111011111111101111111111110, sa_flags=SA_RESTART|SA_SIGINFO
SIGFPE: [libjvm.so+0x924ba0], sa_mask[0]=11111111011111111101111111111110, sa_flags=SA_RESTART|SA_SIGINFO
SIGPIPE: [libjvm.so+0x924ba0], sa_mask[0]=11111111011111111101111111111110, sa_flags=SA_RESTART|SA_SIGINFO
SIGXFSZ: [libjvm.so+0x924ba0], sa_mask[0]=11111111011111111101111111111110, sa_flags=SA_RESTART|SA_SIGINFO
SIGILL: [libjvm.so+0x924ba0], sa_mask[0]=11111111011111111101111111111110, sa_flags=SA_RESTART|SA_SIGINFO
SIGUSR1: SIG_DFL, sa_mask[0]=00000000000000000000000000000000, sa_flags=none
SIGUSR2: [libjvm.so+0x9263e0], sa_mask[0]=00100000000000000000000000000000, sa_flags=SA_RESTART|SA_SIGINFO
SIGHUP: SIG_IGN, sa_mask[0]=00000000000000000000000000000000, sa_flags=none
SIGINT: [libjvm.so+0x9277e0], sa_mask[0]=11111111011111111101111111111110, sa_flags=SA_RESTART|SA_SIGINFO
SIGTERM: [libjvm.so+0x9277e0], sa_mask[0]=11111111011111111101111111111110, sa_flags=SA_RESTART|SA_SIGINFO
SIGQUIT: [libjvm.so+0x9277e0], sa_mask[0]=11111111011111111101111111111110, sa_flags=SA_RESTART|SA_SIGINFO


---------------  S Y S T E M  ---------------

OS:DISTRIB_ID=Deepin
DISTRIB_RELEASE=15.4
DISTRIB_DESCRIPTION="Deepin 15.4 "
DISTRIB_CODENAME=unstable

uname:Linux 4.9.0-deepin4-amd64 #1 SMP PREEMPT Deepin 4.9.8-4 (2017-04-17) x86_64
libc:glibc 2.24 NPTL 2.24 
rlimit: STACK 8192k, CORE 0k, NPROC 47565, NOFILE 65536, AS infinity
load average:2.03 1.13 0.91

/proc/meminfo:
MemTotal:       12223608 kB
MemFree:          145192 kB
MemAvailable:      51568 kB
Buffers:             760 kB
Cached:          1071868 kB
SwapCached:            0 kB
Active:         10732532 kB
Inactive:        1041280 kB
Active(anon):   10712092 kB
Inactive(anon):  1019056 kB
Active(file):      20440 kB
Inactive(file):    22224 kB
Unevictable:         368 kB
Mlocked:             368 kB
SwapTotal:             0 kB
SwapFree:              0 kB
Dirty:              4408 kB
Writeback:             0 kB
AnonPages:      10701484 kB
Mapped:           629480 kB
Shmem:           1029820 kB
Slab:             138424 kB
SReclaimable:      72408 kB
SUnreclaim:        66016 kB
KernelStack:       24352 kB
PageTables:        77008 kB
NFS_Unstable:          0 kB
Bounce:                0 kB
WritebackTmp:          0 kB
CommitLimit:     6111804 kB
Committed_AS:   18690524 kB
VmallocTotal:   34359738367 kB
VmallocUsed:           0 kB
VmallocChunk:          0 kB
HardwareCorrupted:     0 kB
AnonHugePages:      4096 kB
ShmemHugePages:        0 kB
ShmemPmdMapped:        0 kB
HugePages_Total:       0
HugePages_Free:        0
HugePages_Rsvd:        0
HugePages_Surp:        0
Hugepagesize:       2048 kB
DirectMap4k:      212316 kB
DirectMap2M:    12285952 kB
DirectMap1G:     1048576 kB


CPU:total 4 (initial active 4) (4 cores per cpu, 1 threads per core) family 6 model 60 stepping 3, cmov, cx8, fxsr, mmx, sse, sse2, sse3, ssse3, sse4.1, sse4.2, popcnt, avx, avx2, aes, clmul, erms, lzcnt, tsc, tscinvbit, bmi1, bmi2

/proc/cpuinfo:
processor	: 0
vendor_id	: GenuineIntel
cpu family	: 6
model		: 60
model name	: Intel(R) Core(TM) i5-4460  CPU @ 3.20GHz
stepping	: 3
microcode	: 0x17
cpu MHz		: 3243.359
cache size	: 6144 KB
physical id	: 0
siblings	: 4
core id		: 0
cpu cores	: 4
apicid		: 0
initial apicid	: 0
fpu		: yes
fpu_exception	: yes
cpuid level	: 13
wp		: yes
flags		: fpu vme de pse tsc msr pae mce cx8 apic sep mtrr pge mca cmov pat pse36 clflush dts acpi mmx fxsr sse sse2 ss ht tm pbe syscall nx pdpe1gb rdtscp lm constant_tsc arch_perfmon pebs bts rep_good nopl xtopology nonstop_tsc aperfmperf eagerfpu pni pclmulqdq dtes64 monitor ds_cpl vmx est tm2 ssse3 sdbg fma cx16 xtpr pdcm pcid sse4_1 sse4_2 x2apic movbe popcnt tsc_deadline_timer aes xsave avx f16c rdrand lahf_lm abm epb tpr_shadow vnmi flexpriority ept vpid fsgsbase tsc_adjust bmi1 avx2 smep bmi2 erms invpcid xsaveopt dtherm ida arat pln pts
bugs		:
bogomips	: 6385.87
clflush size	: 64
cache_alignment	: 64
address sizes	: 39 bits physical, 48 bits virtual
power management:

processor	: 1
vendor_id	: GenuineIntel
cpu family	: 6
model		: 60
model name	: Intel(R) Core(TM) i5-4460  CPU @ 3.20GHz
stepping	: 3
microcode	: 0x17
cpu MHz		: 3302.539
cache size	: 6144 KB
physical id	: 0
siblings	: 4
core id		: 1
cpu cores	: 4
apicid		: 2
initial apicid	: 2
fpu		: yes
fpu_exception	: yes
cpuid level	: 13
wp		: yes
flags		: fpu vme de pse tsc msr pae mce cx8 apic sep mtrr pge mca cmov pat pse36 clflush dts acpi mmx fxsr sse sse2 ss ht tm pbe syscall nx pdpe1gb rdtscp lm constant_tsc arch_perfmon pebs bts rep_good nopl xtopology nonstop_tsc aperfmperf eagerfpu pni pclmulqdq dtes64 monitor ds_cpl vmx est tm2 ssse3 sdbg fma cx16 xtpr pdcm pcid sse4_1 sse4_2 x2apic movbe popcnt tsc_deadline_timer aes xsave avx f16c rdrand lahf_lm abm epb tpr_shadow vnmi flexpriority ept vpid fsgsbase tsc_adjust bmi1 avx2 smep bmi2 erms invpcid xsaveopt dtherm ida arat pln pts
bugs		:
bogomips	: 6385.87
clflush size	: 64
cache_alignment	: 64
address sizes	: 39 bits physical, 48 bits virtual
power management:

processor	: 2
vendor_id	: GenuineIntel
cpu family	: 6
model		: 60
model name	: Intel(R) Core(TM) i5-4460  CPU @ 3.20GHz
stepping	: 3
microcode	: 0x17
cpu MHz		: 3319.531
cache size	: 6144 KB
physical id	: 0
siblings	: 4
core id		: 2
cpu cores	: 4
apicid		: 4
initial apicid	: 4
fpu		: yes
fpu_exception	: yes
cpuid level	: 13
wp		: yes
flags		: fpu vme de pse tsc msr pae mce cx8 apic sep mtrr pge mca cmov pat pse36 clflush dts acpi mmx fxsr sse sse2 ss ht tm pbe syscall nx pdpe1gb rdtscp lm constant_tsc arch_perfmon pebs bts rep_good nopl xtopology nonstop_tsc aperfmperf eagerfpu pni pclmulqdq dtes64 monitor ds_cpl vmx est tm2 ssse3 sdbg fma cx16 xtpr pdcm pcid sse4_1 sse4_2 x2apic movbe popcnt tsc_deadline_timer aes xsave avx f16c rdrand lahf_lm abm epb tpr_shadow vnmi flexpriority ept vpid fsgsbase tsc_adjust bmi1 avx2 smep bmi2 erms invpcid xsaveopt dtherm ida arat pln pts
bugs		:
bogomips	: 6385.87
clflush size	: 64
cache_alignment	: 64
address sizes	: 39 bits physical, 48 bits virtual
power management:

processor	: 3
vendor_id	: GenuineIntel
cpu family	: 6
model		: 60
model name	: Intel(R) Core(TM) i5-4460  CPU @ 3.20GHz
stepping	: 3
microcode	: 0x17
cpu MHz		: 3296.484
cache size	: 6144 KB
physical id	: 0
siblings	: 4
core id		: 3
cpu cores	: 4
apicid		: 6
initial apicid	: 6
fpu		: yes
fpu_exception	: yes
cpuid level	: 13
wp		: yes
flags		: fpu vme de pse tsc msr pae mce cx8 apic sep mtrr pge mca cmov pat pse36 clflush dts acpi mmx fxsr sse sse2 ss ht tm pbe syscall nx pdpe1gb rdtscp lm constant_tsc arch_perfmon pebs bts rep_good nopl xtopology nonstop_tsc aperfmperf eagerfpu pni pclmulqdq dtes64 monitor ds_cpl vmx est tm2 ssse3 sdbg fma cx16 xtpr pdcm pcid sse4_1 sse4_2 x2apic movbe popcnt tsc_deadline_timer aes xsave avx f16c rdrand lahf_lm abm epb tpr_shadow vnmi flexpriority ept vpid fsgsbase tsc_adjust bmi1 avx2 smep bmi2 erms invpcid xsaveopt dtherm ida arat pln pts
bugs		:
bogomips	: 6385.87
clflush size	: 64
cache_alignment	: 64
address sizes	: 39 bits physical, 48 bits virtual
power management:



Memory: 4k page, physical 12223608k(145192k free), swap 0k(0k free)

vm_info: Java HotSpot(TM) 64-Bit Server VM (25.144-b01) for linux-amd64 JRE (1.8.0_144-b01), built on Jul 21 2017 21:57:33 by "java_re" with gcc 4.3.0 20080428 (Red Hat 4.3.0-8)

time: Tue Aug 29 11:13:57 2017
elapsed time: 16 seconds (0d 0h 0m 16s)

